This is pdfTeX, Version 3.141592653-2.6-1.40.26 (TeX Live 2024/nixos.org) (preloaded format=pdflatex 1980.1.1)  14 APR 2025 12:55
entering extended mode
 restricted \write18 enabled.
 %&-line parsing enabled.
**ekfsm.tex
(./ekfsm.tex
LaTeX2e <2024-06-01> patch level 2
L3 programming layer <2024-10-09>
(./sphinxmanual.cls
Document Class: sphinxmanual 2019/12/01 v2.3.0 Document class (Sphinx manual)

(/nix/store/0jql6cn8jrks2l11dkisx5rl7nggaybg-texlive-2024-env-texmfdist/tex/lat
ex/base/report.cls
Document Class: report 2024/02/08 v1.4n Standard LaTeX document class

(/nix/store/0jql6cn8jrks2l11dkisx5rl7nggaybg-texlive-2024-env-texmfdist/tex/lat
ex/base/size10.clo
File: size10.clo 2024/02/08 v1.4n Standard LaTeX file (size option)
)
\c@part=\count194
\c@chapter=\count195
\c@section=\count196
\c@subsection=\count197
\c@subsubsection=\count198
\c@paragraph=\count199
\c@subparagraph=\count266
\c@figure=\count267
\c@table=\count268
\abovecaptionskip=\skip49
\belowcaptionskip=\skip50
\bibindent=\dimen141
)
LaTeX Info: Redefining \and on input line 35.
)
(/nix/store/0jql6cn8jrks2l11dkisx5rl7nggaybg-texlive-2024-env-texmfdist/tex/lat
ex/base/inputenc.sty
Package: inputenc 2024/02/08 v1.3d Input encoding file
\inpenc@prehook=\toks17
\inpenc@posthook=\toks18
)
   defining Unicode char U+00A0 (decimal 160)
   defining Unicode char U+2500 (decimal 9472)
   defining Unicode char U+2502 (decimal 9474)
   defining Unicode char U+2514 (decimal 9492)
   defining Unicode char U+251C (decimal 9500)
   defining Unicode char U+2572 (decimal 9586)

(/nix/store/0jql6cn8jrks2l11dkisx5rl7nggaybg-texlive-2024-env-texmfdist/tex/lat
ex/cmap/cmap.sty
Package: cmap 2021/02/06 v1.0j CMap support: searchable PDF
)
(/nix/store/0jql6cn8jrks2l11dkisx5rl7nggaybg-texlive-2024-env-texmfdist/tex/lat
ex/base/fontenc.sty
Package: fontenc 2021/04/29 v2.0v Standard LaTeX package
<<t1.cmap>>)
(/nix/store/0jql6cn8jrks2l11dkisx5rl7nggaybg-texlive-2024-env-texmfdist/tex/lat
ex/amsmath/amsmath.sty
Package: amsmath 2024/05/23 v2.17q AMS math features
\@mathmargin=\skip51

For additional information on amsmath, use the `?' option.

(/nix/store/0jql6cn8jrks2l11dkisx5rl7nggaybg-texlive-2024-env-texmfdist/tex/lat
ex/amsmath/amstext.sty
Package: amstext 2021/08/26 v2.01 AMS text

(/nix/store/0jql6cn8jrks2l11dkisx5rl7nggaybg-texlive-2024-env-texmfdist/tex/lat
ex/amsmath/amsgen.sty
File: amsgen.sty 1999/11/30 v2.0 generic functions
\@emptytoks=\toks19
\ex@=\dimen142
))
(/nix/store/0jql6cn8jrks2l11dkisx5rl7nggaybg-texlive-2024-env-texmfdist/tex/lat
ex/amsmath/amsbsy.sty
Package: amsbsy 1999/11/29 v1.2d Bold Symbols
\pmbraise@=\dimen143
)
(/nix/store/0jql6cn8jrks2l11dkisx5rl7nggaybg-texlive-2024-env-texmfdist/tex/lat
ex/amsmath/amsopn.sty
Package: amsopn 2022/04/08 v2.04 operator names
)
\inf@bad=\count269
LaTeX Info: Redefining \frac on input line 233.
\uproot@=\count270
\leftroot@=\count271
LaTeX Info: Redefining \overline on input line 398.
LaTeX Info: Redefining \colon on input line 409.
\classnum@=\count272
\DOTSCASE@=\count273
LaTeX Info: Redefining \ldots on input line 495.
LaTeX Info: Redefining \dots on input line 498.
LaTeX Info: Redefining \cdots on input line 619.
\Mathstrutbox@=\box52
\strutbox@=\box53
LaTeX Info: Redefining \big on input line 721.
LaTeX Info: Redefining \Big on input line 722.
LaTeX Info: Redefining \bigg on input line 723.
LaTeX Info: Redefining \Bigg on input line 724.
\big@size=\dimen144
LaTeX Font Info:    Redeclaring font encoding OML on input line 742.
LaTeX Font Info:    Redeclaring font encoding OMS on input line 743.
\macc@depth=\count274
LaTeX Info: Redefining \bmod on input line 904.
LaTeX Info: Redefining \pmod on input line 909.
LaTeX Info: Redefining \smash on input line 939.
LaTeX Info: Redefining \relbar on input line 969.
LaTeX Info: Redefining \Relbar on input line 970.
\c@MaxMatrixCols=\count275
\dotsspace@=\muskip17
\c@parentequation=\count276
\dspbrk@lvl=\count277
\tag@help=\toks20
\row@=\count278
\column@=\count279
\maxfields@=\count280
\andhelp@=\toks21
\eqnshift@=\dimen145
\alignsep@=\dimen146
\tagshift@=\dimen147
\tagwidth@=\dimen148
\totwidth@=\dimen149
\lineht@=\dimen150
\@envbody=\toks22
\multlinegap=\skip52
\multlinetaggap=\skip53
\mathdisplay@stack=\toks23
LaTeX Info: Redefining \[ on input line 2953.
LaTeX Info: Redefining \] on input line 2954.
)
(/nix/store/0jql6cn8jrks2l11dkisx5rl7nggaybg-texlive-2024-env-texmfdist/tex/lat
ex/amsfonts/amssymb.sty
Package: amssymb 2013/01/14 v3.01 AMS font symbols

(/nix/store/0jql6cn8jrks2l11dkisx5rl7nggaybg-texlive-2024-env-texmfdist/tex/lat
ex/amsfonts/amsfonts.sty
Package: amsfonts 2013/01/14 v3.01 Basic AMSFonts support
\symAMSa=\mathgroup4
\symAMSb=\mathgroup5
LaTeX Font Info:    Redeclaring math symbol \hbar on input line 98.
LaTeX Font Info:    Overwriting math alphabet `\mathfrak' in version `bold'
(Font)                  U/euf/m/n --> U/euf/b/n on input line 106.
))
(/nix/store/0jql6cn8jrks2l11dkisx5rl7nggaybg-texlive-2024-env-texmfdist/tex/gen
eric/babel/babel.sty
Package: babel 2024/10/20 v24.12 The multilingual framework for pdfLaTeX, LuaLa
TeX and XeLaTeX
\babel@savecnt=\count281
\U@D=\dimen151
\l@unhyphenated=\language89

(/nix/store/0jql6cn8jrks2l11dkisx5rl7nggaybg-texlive-2024-env-texmfdist/tex/gen
eric/babel/txtbabel.def)
\bbl@readstream=\read2
\bbl@dirlevel=\count282

(/nix/store/0jql6cn8jrks2l11dkisx5rl7nggaybg-texlive-2024-env-texmfdist/tex/gen
eric/babel-english/english.ldf
Language: english 2017/06/06 v3.3r English support from the babel system
Package babel Info: Hyphen rules for 'canadian' set to \l@english
(babel)             (\language0). Reported on input line 102.
Package babel Info: Hyphen rules for 'australian' set to \l@ukenglish
(babel)             (\language23). Reported on input line 105.
Package babel Info: Hyphen rules for 'newzealand' set to \l@ukenglish
(babel)             (\language23). Reported on input line 108.
))
(/nix/store/0jql6cn8jrks2l11dkisx5rl7nggaybg-texlive-2024-env-texmfdist/tex/gen
eric/babel/locale/en/babel-english.tex
Package babel Info: Importing font and identification data for english
(babel)             from babel-en.ini. Reported on input line 11.
)
(/nix/store/0jql6cn8jrks2l11dkisx5rl7nggaybg-texlive-2024-env-texmfdist/tex/lat
ex/tex-gyre/tgtermes.sty
Package: tgtermes 2009/09/27 v1.2 TeX Gyre Termes as default roman family

(/nix/store/0jql6cn8jrks2l11dkisx5rl7nggaybg-texlive-2024-env-texmfdist/tex/lat
ex/kvoptions/kvoptions.sty
Package: kvoptions 2022-06-15 v3.15 Key value format for package options (HO)

(/nix/store/0jql6cn8jrks2l11dkisx5rl7nggaybg-texlive-2024-env-texmfdist/tex/lat
ex/graphics/keyval.sty
Package: keyval 2022/05/29 v1.15 key=value parser (DPC)
\KV@toks@=\toks24
)
(/nix/store/0jql6cn8jrks2l11dkisx5rl7nggaybg-texlive-2024-env-texmfdist/tex/gen
eric/ltxcmds/ltxcmds.sty
Package: ltxcmds 2023-12-04 v1.26 LaTeX kernel commands for general use (HO)
)
(/nix/store/0jql6cn8jrks2l11dkisx5rl7nggaybg-texlive-2024-env-texmfdist/tex/lat
ex/kvsetkeys/kvsetkeys.sty
Package: kvsetkeys 2022-10-05 v1.19 Key value parser (HO)
)))
(/nix/store/0jql6cn8jrks2l11dkisx5rl7nggaybg-texlive-2024-env-texmfdist/tex/lat
ex/tex-gyre/tgheros.sty
Package: tgheros 2009/09/27 v1.2 TeX Gyre Heros as default sans serif family
)
(/nix/store/0jql6cn8jrks2l11dkisx5rl7nggaybg-texlive-2024-env-texmfdist/tex/lat
ex/fncychap/fncychap.sty
Package: fncychap 2007/07/30 v1.34 LaTeX package (Revised chapters)
\RW=\skip54
\mylen=\skip55
\myhi=\skip56
\px=\skip57
\py=\skip58
\pyy=\skip59
\pxx=\skip60
\c@AlphaCnt=\count283
\c@AlphaDecCnt=\count284
) (./sphinx.sty
Package: sphinx 2024/10/11 v8.1.1 Sphinx LaTeX package (sphinx-doc)

(/nix/store/0jql6cn8jrks2l11dkisx5rl7nggaybg-texlive-2024-env-texmfdist/tex/lat
ex/xcolor/xcolor.sty
Package: xcolor 2024/09/29 v3.02 LaTeX color extensions (UK)

(/nix/store/0jql6cn8jrks2l11dkisx5rl7nggaybg-texlive-2024-env-texmfdist/tex/lat
ex/graphics-cfg/color.cfg
File: color.cfg 2016/01/02 v1.6 sample color configuration
)
Package xcolor Info: Driver file: pdftex.def on input line 274.

(/nix/store/0jql6cn8jrks2l11dkisx5rl7nggaybg-texlive-2024-env-texmfdist/tex/lat
ex/graphics-def/pdftex.def
File: pdftex.def 2024/04/13 v1.2c Graphics/color driver for pdftex
)
(/nix/store/0jql6cn8jrks2l11dkisx5rl7nggaybg-texlive-2024-env-texmfdist/tex/lat
ex/graphics/mathcolor.ltx)
Package xcolor Info: Model `cmy' substituted by `cmy0' on input line 1349.
Package xcolor Info: Model `hsb' substituted by `rgb' on input line 1353.
Package xcolor Info: Model `RGB' extended on input line 1365.
Package xcolor Info: Model `HTML' substituted by `rgb' on input line 1367.
Package xcolor Info: Model `Hsb' substituted by `hsb' on input line 1368.
Package xcolor Info: Model `tHsb' substituted by `hsb' on input line 1369.
Package xcolor Info: Model `HSB' substituted by `hsb' on input line 1370.
Package xcolor Info: Model `Gray' substituted by `gray' on input line 1371.
Package xcolor Info: Model `wave' substituted by `hsb' on input line 1372.
) (./sphinxoptionshyperref.sty
Package: sphinxoptionshyperref 2021/01/27 hyperref
)
(./sphinxoptionsgeometry.sty
Package: sphinxoptionsgeometry 2021/01/27 geometry
)
(/nix/store/0jql6cn8jrks2l11dkisx5rl7nggaybg-texlive-2024-env-texmfdist/tex/lat
ex/base/textcomp.sty
Package: textcomp 2024/04/24 v2.1b Standard LaTeX package
)
(/nix/store/0jql6cn8jrks2l11dkisx5rl7nggaybg-texlive-2024-env-texmfdist/tex/lat
ex/float/float.sty
Package: float 2001/11/08 v1.3d Float enhancements (AL)
\c@float@type=\count285
\float@exts=\toks25
\float@box=\box54
\@float@everytoks=\toks26
\@floatcapt=\box55
)
(/nix/store/0jql6cn8jrks2l11dkisx5rl7nggaybg-texlive-2024-env-texmfdist/tex/lat
ex/wrapfig/wrapfig.sty
\wrapoverhang=\dimen152
\WF@size=\dimen153
\c@WF@wrappedlines=\count286
\WF@box=\box56
\WF@everypar=\toks27
Package: wrapfig 2003/01/31  v 3.6
)
(/nix/store/0jql6cn8jrks2l11dkisx5rl7nggaybg-texlive-2024-env-texmfdist/tex/lat
ex/capt-of/capt-of.sty
Package: capt-of 2009/12/29 v0.2 standard captions outside of floats
)
(/nix/store/0jql6cn8jrks2l11dkisx5rl7nggaybg-texlive-2024-env-texmfdist/tex/lat
ex/tools/multicol.sty
Package: multicol 2024/05/23 v1.9h multicolumn formatting (FMi)
\c@tracingmulticols=\count287
\mult@box=\box57
\multicol@leftmargin=\dimen154
\c@unbalance=\count288
\c@collectmore=\count289
\doublecol@number=\count290
\multicoltolerance=\count291
\multicolpretolerance=\count292
\full@width=\dimen155
\page@free=\dimen156
\premulticols=\dimen157
\postmulticols=\dimen158
\multicolsep=\skip61
\multicolbaselineskip=\skip62
\partial@page=\box58
\last@line=\box59
\mc@boxedresult=\box60
\maxbalancingoverflow=\dimen159
\mult@rightbox=\box61
\mult@grightbox=\box62
\mult@firstbox=\box63
\mult@gfirstbox=\box64
\@tempa=\box65
\@tempa=\box66
\@tempa=\box67
\@tempa=\box68
\@tempa=\box69
\@tempa=\box70
\@tempa=\box71
\@tempa=\box72
\@tempa=\box73
\@tempa=\box74
\@tempa=\box75
\@tempa=\box76
\@tempa=\box77
\@tempa=\box78
\@tempa=\box79
\@tempa=\box80
\@tempa=\box81
\@tempa=\box82
\@tempa=\box83
\@tempa=\box84
\@tempa=\box85
\@tempa=\box86
\@tempa=\box87
\@tempa=\box88
\@tempa=\box89
\@tempa=\box90
\@tempa=\box91
\@tempa=\box92
\@tempa=\box93
\@tempa=\box94
\@tempa=\box95
\@tempa=\box96
\@tempa=\box97
\@tempa=\box98
\@tempa=\box99
\@tempa=\box100
\c@minrows=\count293
\c@columnbadness=\count294
\c@finalcolumnbadness=\count295
\last@try=\dimen160
\multicolovershoot=\dimen161
\multicolundershoot=\dimen162
\mult@nat@firstbox=\box101
\colbreak@box=\box102
\mc@col@check@num=\count296
)
(/nix/store/0jql6cn8jrks2l11dkisx5rl7nggaybg-texlive-2024-env-texmfdist/tex/lat
ex/graphics/graphicx.sty
Package: graphicx 2021/09/16 v1.2d Enhanced LaTeX Graphics (DPC,SPQR)

(/nix/store/0jql6cn8jrks2l11dkisx5rl7nggaybg-texlive-2024-env-texmfdist/tex/lat
ex/graphics/graphics.sty
Package: graphics 2024/05/23 v1.4g Standard LaTeX Graphics (DPC,SPQR)

(/nix/store/0jql6cn8jrks2l11dkisx5rl7nggaybg-texlive-2024-env-texmfdist/tex/lat
ex/graphics/trig.sty
Package: trig 2023/12/02 v1.11 sin cos tan (DPC)
)
(/nix/store/0jql6cn8jrks2l11dkisx5rl7nggaybg-texlive-2024-env-texmfdist/tex/lat
ex/graphics-cfg/graphics.cfg
File: graphics.cfg 2016/06/04 v1.11 sample graphics configuration
)
Package graphics Info: Driver file: pdftex.def on input line 106.
)
\Gin@req@height=\dimen163
\Gin@req@width=\dimen164
) (./sphinxlatexgraphics.sty
Package: sphinxlatexgraphics 2024/08/13 v8.1.0 graphics
\spx@image@maxheight=\dimen165
\spx@image@box=\box103
)
(./sphinxpackageboxes.sty
Package: sphinxpackageboxes 2024/07/01 v7.4.0 advanced colored boxes

(/nix/store/0jql6cn8jrks2l11dkisx5rl7nggaybg-texlive-2024-env-texmfdist/tex/lat
ex/pict2e/pict2e.sty
Package: pict2e 2020/09/30 v0.4b Improved picture commands (HjG,RN,JT)

(/nix/store/0jql6cn8jrks2l11dkisx5rl7nggaybg-texlive-2024-env-texmfdist/tex/lat
ex/pict2e/pict2e.cfg
File: pict2e.cfg 2016/02/05 v0.1u pict2e configuration for teTeX/TeXLive
)
Package pict2e Info: Driver file: pdftex.def on input line 112.
Package pict2e Info: Driver file for pict2e: p2e-pdftex.def on input line 114.

(/nix/store/0jql6cn8jrks2l11dkisx5rl7nggaybg-texlive-2024-env-texmfdist/tex/lat
ex/pict2e/p2e-pdftex.def
File: p2e-pdftex.def 2016/02/05 v0.1u Driver-dependant file (RN,HjG,JT)
)
\pIIe@GRAPH=\toks28
\@arclen=\dimen166
\@arcrad=\dimen167
\pIIe@tempdima=\dimen168
\pIIe@tempdimb=\dimen169
\pIIe@tempdimc=\dimen170
\pIIe@tempdimd=\dimen171
\pIIe@tempdime=\dimen172
\pIIe@tempdimf=\dimen173
)
(/nix/store/0jql6cn8jrks2l11dkisx5rl7nggaybg-texlive-2024-env-texmfdist/tex/lat
ex/ellipse/ellipse.sty
Package: ellipse 2004/11/05 v1.0 .dtx ellipse file
)
\@tempdimd=\dimen174
\spx@tempboxa=\box104
\spx@tempboxb=\box105
\spx@boxes@border@top=\dimen175
\spx@boxes@border@right=\dimen176
\spx@boxes@border@bottom=\dimen177
\spx@boxes@border@left=\dimen178
\spx@boxes@padding@top=\dimen179
\spx@boxes@padding@right=\dimen180
\spx@boxes@padding@bottom=\dimen181
\spx@boxes@padding@left=\dimen182
\spx@boxes@shadow@xoffset=\dimen183
\spx@boxes@shadow@yoffset=\dimen184
\spx@boxes@radius@topleft@x=\dimen185
\spx@boxes@radius@topright@x=\dimen186
\spx@boxes@radius@bottomright@x=\dimen187
\spx@boxes@radius@bottomleft@x=\dimen188
\spx@boxes@radius@topleft@y=\dimen189
\spx@boxes@radius@topright@y=\dimen190
\spx@boxes@radius@bottomright@y=\dimen191
\spx@boxes@radius@bottomleft@y=\dimen192
) (./sphinxlatexadmonitions.sty
Package: sphinxlatexadmonitions 2024/10/11 v8.1.1 admonitions

(/nix/store/0jql6cn8jrks2l11dkisx5rl7nggaybg-texlive-2024-env-texmfdist/tex/lat
ex/framed/framed.sty
Package: framed 2011/10/22 v 0.96: framed or shaded text with page breaks
\OuterFrameSep=\skip63
\fb@frw=\dimen193
\fb@frh=\dimen194
\FrameRule=\dimen195
\FrameSep=\dimen196
) (./sphinxpackagefootnote.sty
Package: sphinxpackagefootnote 2024/05/17 v7.3.x Sphinx custom footnotehyper pa
ckage (Sphinx team)
\FNH@notes=\box106
\FNH@toks=\toks29
\FNH@width=\dimen197
\c@sphinxfootnotemark=\count297
)
\spx@notice@border=\dimen198
\c@sphinxtodo=\count298
) (./sphinxlatexliterals.sty
Package: sphinxlatexliterals 2024/07/01 v7.4.0 code-blocks and parsed literals

(/nix/store/0jql6cn8jrks2l11dkisx5rl7nggaybg-texlive-2024-env-texmfdist/tex/lat
ex/fancyvrb/fancyvrb.sty
Package: fancyvrb 2024/01/20 4.5c verbatim text (tvz,hv)
\FV@CodeLineNo=\count299
\FV@InFile=\read3
\FV@TabBox=\box107
\c@FancyVerbLine=\count300
\FV@StepNumber=\count301
\FV@OutFile=\write3
)
(/nix/store/0jql6cn8jrks2l11dkisx5rl7nggaybg-texlive-2024-env-texmfdist/tex/lat
ex/base/alltt.sty
Package: alltt 2024/02/08 v2.0g defines alltt environment
)
(/nix/store/0jql6cn8jrks2l11dkisx5rl7nggaybg-texlive-2024-env-texmfdist/tex/lat
ex/upquote/upquote.sty
Package: upquote 2012/04/19 v1.3 upright-quote and grave-accent glyphs in verba
tim
)
(/nix/store/0jql6cn8jrks2l11dkisx5rl7nggaybg-texlive-2024-env-texmfdist/tex/lat
ex/needspace/needspace.sty
Package: needspace 2010/09/12 v1.3d reserve vertical space
)
\sphinxcontinuationbox=\box108
\sphinxvisiblespacebox=\box109
\sphinxVerbatim@TitleBox=\box110
\sphinxVerbatim@ContentsBox=\box111
) (./sphinxlatexshadowbox.sty
Package: sphinxlatexshadowbox 2024/07/28 v8.1.0 sphinxShadowBox
)
(./sphinxlatexcontainers.sty
Package: sphinxlatexcontainers 2021/05/03 containers
) (./sphinxhighlight.sty
Package: sphinxhighlight 2022/06/30 stylesheet for highlighting with pygments
) (./sphinxlatextables.sty
Package: sphinxlatextables 2024/07/01 v7.4.0 tables

(/nix/store/0jql6cn8jrks2l11dkisx5rl7nggaybg-texlive-2024-env-texmfdist/tex/lat
ex/tabulary/tabulary.sty
Package: tabulary 2024/06/04 v0.11 tabulary package (DPC)

(/nix/store/0jql6cn8jrks2l11dkisx5rl7nggaybg-texlive-2024-env-texmfdist/tex/lat
ex/tools/array.sty
Package: array 2024/06/14 v2.6d Tabular extension package (FMi)
\col@sep=\dimen199
\ar@mcellbox=\box112
\extrarowheight=\dimen256
\NC@list=\toks30
\extratabsurround=\skip64
\backup@length=\skip65
\ar@cellbox=\box113
)
\TY@count=\count302
\TY@linewidth=\dimen257
\tymin=\dimen258
\tymax=\dimen259
\TY@tablewidth=\dimen260
)
(/nix/store/0jql6cn8jrks2l11dkisx5rl7nggaybg-texlive-2024-env-texmfdist/tex/lat
ex/tools/longtable.sty
Package: longtable 2024-04-26 v4.20 Multi-page Table package (DPC)
\LTleft=\skip66
\LTright=\skip67
\LTpre=\skip68
\LTpost=\skip69
\LTchunksize=\count303
\LTcapwidth=\dimen261
\LT@head=\box114
\LT@firsthead=\box115
\LT@foot=\box116
\LT@lastfoot=\box117
\LT@gbox=\box118
\LT@cols=\count304
\LT@rows=\count305
\c@LT@tables=\count306
\c@LT@chunks=\count307
\LT@p@ftn=\toks31
)
(/nix/store/0jql6cn8jrks2l11dkisx5rl7nggaybg-texlive-2024-env-texmfdist/tex/lat
ex/varwidth/varwidth.sty
Package: varwidth 2009/03/30 ver 0.92;  Variable-width minipages
\@vwid@box=\box119
\sift@deathcycles=\count308
\@vwid@loff=\dimen262
\@vwid@roff=\dimen263
)
\sphinx@TY@tablewidth=\dimen264

(/nix/store/0jql6cn8jrks2l11dkisx5rl7nggaybg-texlive-2024-env-texmfdist/tex/lat
ex/colortbl/colortbl.sty
Package: colortbl 2024/07/06 v1.0i Color table columns (DPC)
\everycr=\toks32
\minrowclearance=\skip70
\rownum=\count309
)
(/nix/store/0jql6cn8jrks2l11dkisx5rl7nggaybg-texlive-2024-env-texmfdist/tex/lat
ex/booktabs/booktabs.sty
Package: booktabs 2020/01/12 v1.61803398 Publication quality tables
\heavyrulewidth=\dimen265
\lightrulewidth=\dimen266
\cmidrulewidth=\dimen267
\belowrulesep=\dimen268
\belowbottomsep=\dimen269
\aboverulesep=\dimen270
\abovetopsep=\dimen271
\cmidrulesep=\dimen272
\cmidrulekern=\dimen273
\defaultaddspace=\dimen274
\@cmidla=\count310
\@cmidlb=\count311
\@aboverulesep=\dimen275
\@belowrulesep=\dimen276
\@thisruleclass=\count312
\@lastruleclass=\count313
\@thisrulewidth=\dimen277
)) (./sphinxlatexnumfig.sty
Package: sphinxlatexnumfig 2024/07/31 v8.1.0 numbering
) (./sphinxlatexlists.sty
Package: sphinxlatexlists 2021/12/20 lists
\spx@lineitemlabel=\toks33
)
\c@sphinxscope=\count314

(./sphinxlatexindbibtoc.sty
Package: sphinxlatexindbibtoc 2021/01/27 index, bib., toc

(/nix/store/0jql6cn8jrks2l11dkisx5rl7nggaybg-texlive-2024-env-texmfdist/tex/lat
ex/base/makeidx.sty
Package: makeidx 2021/10/04 v1.0m Standard LaTeX package
)) (./sphinxlatexstylepage.sty
Package: sphinxlatexstylepage 2021/01/27 page styling

(/nix/store/0jql6cn8jrks2l11dkisx5rl7nggaybg-texlive-2024-env-texmfdist/tex/lat
ex/parskip/parskip.sty
Package: parskip 2021-03-14 v2.0h non-zero parskip adjustments

(/nix/store/0jql6cn8jrks2l11dkisx5rl7nggaybg-texlive-2024-env-texmfdist/tex/lat
ex/etoolbox/etoolbox.sty
Package: etoolbox 2020/10/05 v2.5k e-TeX tools for LaTeX (JAW)
\etb@tempcnta=\count315
))
(/nix/store/0jql6cn8jrks2l11dkisx5rl7nggaybg-texlive-2024-env-texmfdist/tex/lat
ex/fancyhdr/fancyhdr.sty
Package: fancyhdr 2024/07/23 v4.3.1 Extensive control of page headers and foote
rs
\f@nch@headwidth=\skip71
\f@nch@O@elh=\skip72
\f@nch@O@erh=\skip73
\f@nch@O@olh=\skip74
\f@nch@O@orh=\skip75
\f@nch@O@elf=\skip76
\f@nch@O@erf=\skip77
\f@nch@O@olf=\skip78
\f@nch@O@orf=\skip79
)) (./sphinxlatexstyleheadings.sty
Package: sphinxlatexstyleheadings 2023/02/11 headings

(/nix/store/0jql6cn8jrks2l11dkisx5rl7nggaybg-texlive-2024-env-texmfdist/tex/lat
ex/titlesec/titlesec.sty
Package: titlesec 2023/10/27 v2.16 Sectioning titles
\ttl@box=\box120
\beforetitleunit=\skip80
\aftertitleunit=\skip81
\ttl@plus=\dimen278
\ttl@minus=\dimen279
\ttl@toksa=\toks34
\titlewidth=\dimen280
\titlewidthlast=\dimen281
\titlewidthfirst=\dimen282
)) (./sphinxlatexstyletext.sty
Package: sphinxlatexstyletext 2024/07/28 v8.1.0 text styling
)
(./sphinxlatexobjects.sty
Package: sphinxlatexobjects 2023/07/23 documentation environments
\sphinxsignaturesep=\skip82
\sphinxsignaturelistskip=\skip83
\py@argswidth=\skip84
\lineblockindentation=\skip85
\DUlineblockindent=\skip86
))
(/nix/store/0jql6cn8jrks2l11dkisx5rl7nggaybg-texlive-2024-env-texmfdist/tex/lat
ex/geometry/geometry.sty
Package: geometry 2020/01/02 v5.9 Page Geometry

(/nix/store/0jql6cn8jrks2l11dkisx5rl7nggaybg-texlive-2024-env-texmfdist/tex/gen
eric/iftex/ifvtex.sty
Package: ifvtex 2019/10/25 v1.7 ifvtex legacy package. Use iftex instead.

(/nix/store/0jql6cn8jrks2l11dkisx5rl7nggaybg-texlive-2024-env-texmfdist/tex/gen
eric/iftex/iftex.sty
Package: iftex 2022/02/03 v1.0f TeX engine tests
))
\Gm@cnth=\count316
\Gm@cntv=\count317
\c@Gm@tempcnt=\count318
\Gm@bindingoffset=\dimen283
\Gm@wd@mp=\dimen284
\Gm@odd@mp=\dimen285
\Gm@even@mp=\dimen286
\Gm@layoutwidth=\dimen287
\Gm@layoutheight=\dimen288
\Gm@layouthoffset=\dimen289
\Gm@layoutvoffset=\dimen290
\Gm@dimlist=\toks35
)
(/nix/store/0jql6cn8jrks2l11dkisx5rl7nggaybg-texlive-2024-env-texmfdist/tex/lat
ex/hyperref/hyperref.sty
Package: hyperref 2024-07-10 v7.01j Hypertext links for LaTeX

(/nix/store/0jql6cn8jrks2l11dkisx5rl7nggaybg-texlive-2024-env-texmfdist/tex/gen
eric/kvdefinekeys/kvdefinekeys.sty
Package: kvdefinekeys 2019-12-19 v1.6 Define keys (HO)
)
(/nix/store/0jql6cn8jrks2l11dkisx5rl7nggaybg-texlive-2024-env-texmfdist/tex/gen
eric/pdfescape/pdfescape.sty
Package: pdfescape 2019/12/09 v1.15 Implements pdfTeX's escape features (HO)

(/nix/store/0jql6cn8jrks2l11dkisx5rl7nggaybg-texlive-2024-env-texmfdist/tex/gen
eric/pdftexcmds/pdftexcmds.sty
Package: pdftexcmds 2020-06-27 v0.33 Utility functions of pdfTeX for LuaTeX (HO
)

(/nix/store/0jql6cn8jrks2l11dkisx5rl7nggaybg-texlive-2024-env-texmfdist/tex/gen
eric/infwarerr/infwarerr.sty
Package: infwarerr 2019/12/03 v1.5 Providing info/warning/error messages (HO)
)
Package pdftexcmds Info: \pdf@primitive is available.
Package pdftexcmds Info: \pdf@ifprimitive is available.
Package pdftexcmds Info: \pdfdraftmode found.
))
(/nix/store/0jql6cn8jrks2l11dkisx5rl7nggaybg-texlive-2024-env-texmfdist/tex/lat
ex/hycolor/hycolor.sty
Package: hycolor 2020-01-27 v1.10 Color options for hyperref/bookmark (HO)
)
(/nix/store/0jql6cn8jrks2l11dkisx5rl7nggaybg-texlive-2024-env-texmfdist/tex/lat
ex/hyperref/nameref.sty
Package: nameref 2023-11-26 v2.56 Cross-referencing by name of section

(/nix/store/0jql6cn8jrks2l11dkisx5rl7nggaybg-texlive-2024-env-texmfdist/tex/lat
ex/refcount/refcount.sty
Package: refcount 2019/12/15 v3.6 Data extraction from label references (HO)
)
(/nix/store/0jql6cn8jrks2l11dkisx5rl7nggaybg-texlive-2024-env-texmfdist/tex/gen
eric/gettitlestring/gettitlestring.sty
Package: gettitlestring 2019/12/15 v1.6 Cleanup title references (HO)
)
\c@section@level=\count319
)
(/nix/store/0jql6cn8jrks2l11dkisx5rl7nggaybg-texlive-2024-env-texmfdist/tex/gen
eric/stringenc/stringenc.sty
Package: stringenc 2019/11/29 v1.12 Convert strings between diff. encodings (HO
)
)
\@linkdim=\dimen291
\Hy@linkcounter=\count320
\Hy@pagecounter=\count321

(/nix/store/0jql6cn8jrks2l11dkisx5rl7nggaybg-texlive-2024-env-texmfdist/tex/lat
ex/hyperref/pd1enc.def
File: pd1enc.def 2024-07-10 v7.01j Hyperref: PDFDocEncoding definition (HO)
Now handling font encoding PD1 ...
... no UTF-8 mapping file for font encoding PD1
)
(/nix/store/0jql6cn8jrks2l11dkisx5rl7nggaybg-texlive-2024-env-texmfdist/tex/gen
eric/intcalc/intcalc.sty
Package: intcalc 2019/12/15 v1.3 Expandable calculations with integers (HO)
)
\Hy@SavedSpaceFactor=\count322

(/nix/store/0jql6cn8jrks2l11dkisx5rl7nggaybg-texlive-2024-env-texmfdist/tex/lat
ex/hyperref/puenc.def
File: puenc.def 2024-07-10 v7.01j Hyperref: PDF Unicode definition (HO)
Now handling font encoding PU ...
... no UTF-8 mapping file for font encoding PU
)
Package hyperref Info: Option `unicode' set `true' on input line 4040.
Package hyperref Info: Option `colorlinks' set `true' on input line 4040.
Package hyperref Info: Option `breaklinks' set `true' on input line 4040.
Package hyperref Info: Hyper figures OFF on input line 4157.
Package hyperref Info: Link nesting OFF on input line 4162.
Package hyperref Info: Hyper index ON on input line 4165.
Package hyperref Info: Plain pages OFF on input line 4172.
Package hyperref Info: Backreferencing OFF on input line 4177.
Package hyperref Info: Implicit mode ON; LaTeX internals redefined.
Package hyperref Info: Bookmarks ON on input line 4424.
\c@Hy@tempcnt=\count323

(/nix/store/0jql6cn8jrks2l11dkisx5rl7nggaybg-texlive-2024-env-texmfdist/tex/lat
ex/url/url.sty
\Urlmuskip=\muskip18
Package: url 2013/09/16  ver 3.4  Verb mode for urls, etc.
)
LaTeX Info: Redefining \url on input line 4763.
\XeTeXLinkMargin=\dimen292

(/nix/store/0jql6cn8jrks2l11dkisx5rl7nggaybg-texlive-2024-env-texmfdist/tex/gen
eric/bitset/bitset.sty
Package: bitset 2019/12/09 v1.3 Handle bit-vector datatype (HO)

(/nix/store/0jql6cn8jrks2l11dkisx5rl7nggaybg-texlive-2024-env-texmfdist/tex/gen
eric/bigintcalc/bigintcalc.sty
Package: bigintcalc 2019/12/15 v1.5 Expandable calculations on big integers (HO
)
))
\Fld@menulength=\count324
\Field@Width=\dimen293
\Fld@charsize=\dimen294
Package hyperref Info: Hyper figures OFF on input line 6042.
Package hyperref Info: Link nesting OFF on input line 6047.
Package hyperref Info: Hyper index ON on input line 6050.
Package hyperref Info: backreferencing OFF on input line 6057.
Package hyperref Info: Link coloring ON on input line 6060.
Package hyperref Info: Link coloring with OCG OFF on input line 6067.
Package hyperref Info: PDF/A mode OFF on input line 6072.

(/nix/store/0jql6cn8jrks2l11dkisx5rl7nggaybg-texlive-2024-env-texmfdist/tex/lat
ex/base/atbegshi-ltx.sty
Package: atbegshi-ltx 2021/01/10 v1.0c Emulation of the original atbegshi
package with kernel methods
)
\Hy@abspage=\count325
\c@Item=\count326
\c@Hfootnote=\count327
)
Package hyperref Info: Driver (autodetected): hpdftex.

(/nix/store/0jql6cn8jrks2l11dkisx5rl7nggaybg-texlive-2024-env-texmfdist/tex/lat
ex/hyperref/hpdftex.def
File: hpdftex.def 2024-07-10 v7.01j Hyperref driver for pdfTeX

(/nix/store/0jql6cn8jrks2l11dkisx5rl7nggaybg-texlive-2024-env-texmfdist/tex/lat
ex/base/atveryend-ltx.sty
Package: atveryend-ltx 2020/08/19 v1.0a Emulation of the original atveryend pac
kage
with kernel methods
)
\Fld@listcount=\count328
\c@bookmark@seq@number=\count329

(/nix/store/0jql6cn8jrks2l11dkisx5rl7nggaybg-texlive-2024-env-texmfdist/tex/lat
ex/rerunfilecheck/rerunfilecheck.sty
Package: rerunfilecheck 2022-07-10 v1.10 Rerun checks for auxiliary files (HO)

(/nix/store/0jql6cn8jrks2l11dkisx5rl7nggaybg-texlive-2024-env-texmfdist/tex/gen
eric/uniquecounter/uniquecounter.sty
Package: uniquecounter 2019/12/15 v1.4 Provide unlimited unique counter (HO)
)
Package uniquecounter Info: New unique counter `rerunfilecheck' on input line 2
85.
)
\Hy@SectionHShift=\skip87
)
(/nix/store/0jql6cn8jrks2l11dkisx5rl7nggaybg-texlive-2024-env-texmfdist/tex/lat
ex/hypcap/hypcap.sty
Package: hypcap 2024-07-26 v1.13 Adjusting the anchors of captions (HO)

(/nix/store/0jql6cn8jrks2l11dkisx5rl7nggaybg-texlive-2024-env-texmfdist/tex/lat
ex/letltxmacro/letltxmacro.sty
Package: letltxmacro 2019/12/03 v1.6 Let assignment for LaTeX macros (HO)
)) (./sphinxmessages.sty
Package: sphinxmessages 2019/01/04 v2.0 Localized LaTeX macros (Sphinx team)
)
\@indexfile=\write4
\openout4 = `ekfsm.idx'.


Writing index file ekfsm.idx
LaTeX Font Info:    Trying to load font information for T1+qtm on input line 73
.

(/nix/store/0jql6cn8jrks2l11dkisx5rl7nggaybg-texlive-2024-env-texmfdist/tex/lat
ex/tex-gyre/t1qtm.fd
File: t1qtm.fd 2009/09/25 v1.2 font definition file for T1/qtm
)
(/nix/store/0jql6cn8jrks2l11dkisx5rl7nggaybg-texlive-2024-env-texmfdist/tex/lat
ex/l3backend/l3backend-pdftex.def
File: l3backend-pdftex.def 2024-05-08 L3 backend support: PDF output (pdfTeX)
\l__color_backend_stack_int=\count330
\l__pdf_internal_box=\box121
) (./ekfsm.aux)
\openout1 = `ekfsm.aux'.

LaTeX Font Info:    Checking defaults for OML/cmm/m/it on input line 73.
LaTeX Font Info:    ... okay on input line 73.
LaTeX Font Info:    Checking defaults for OMS/cmsy/m/n on input line 73.
LaTeX Font Info:    ... okay on input line 73.
LaTeX Font Info:    Checking defaults for OT1/cmr/m/n on input line 73.
LaTeX Font Info:    ... okay on input line 73.
LaTeX Font Info:    Checking defaults for T1/cmr/m/n on input line 73.
LaTeX Font Info:    ... okay on input line 73.
LaTeX Font Info:    Checking defaults for TS1/cmr/m/n on input line 73.
LaTeX Font Info:    ... okay on input line 73.
LaTeX Font Info:    Checking defaults for OMX/cmex/m/n on input line 73.
LaTeX Font Info:    ... okay on input line 73.
LaTeX Font Info:    Checking defaults for U/cmr/m/n on input line 73.
LaTeX Font Info:    ... okay on input line 73.
LaTeX Font Info:    Checking defaults for PD1/pdf/m/n on input line 73.
LaTeX Font Info:    ... okay on input line 73.
LaTeX Font Info:    Checking defaults for PU/pdf/m/n on input line 73.
LaTeX Font Info:    ... okay on input line 73.

(/nix/store/0jql6cn8jrks2l11dkisx5rl7nggaybg-texlive-2024-env-texmfdist/tex/con
text/base/mkii/supp-pdf.mkii
[Loading MPS to PDF converter (version 2006.09.02).]
\scratchcounter=\count331
\scratchdimen=\dimen295
\scratchbox=\box122
\nofMPsegments=\count332
\nofMParguments=\count333
\everyMPshowfont=\toks36
\MPscratchCnt=\count334
\MPscratchDim=\dimen296
\MPnumerator=\count335
\makeMPintoPDFobject=\count336
\everyMPtoPDFconversion=\toks37
)
(/nix/store/0jql6cn8jrks2l11dkisx5rl7nggaybg-texlive-2024-env-texmfdist/tex/lat
ex/epstopdf-pkg/epstopdf-base.sty
Package: epstopdf-base 2020-01-24 v2.11 Base part for package epstopdf
Package epstopdf-base Info: Redefining graphics rule for `.eps' on input line 4
85.

(/nix/store/0jql6cn8jrks2l11dkisx5rl7nggaybg-texlive-2024-env-texmfdist/tex/lat
ex/latexconfig/epstopdf-sys.cfg
File: epstopdf-sys.cfg 2010/07/13 v1.3 Configuration of (r)epstopdf for TeX Liv
e
))
(/nix/store/0jql6cn8jrks2l11dkisx5rl7nggaybg-texlive-2024-env-texmfdist/tex/lat
ex/fontawesome5/fontawesome5.sty
(/nix/store/0jql6cn8jrks2l11dkisx5rl7nggaybg-texlive-2024-env-texmfdist/tex/lat
ex/l3kernel/expl3.sty
Package: expl3 2024-10-09 L3 programming layer (loader) 
)
Package: fontawesome5 2022/05/02 v5.15.4 Font Awesome 5

(/nix/store/0jql6cn8jrks2l11dkisx5rl7nggaybg-texlive-2024-env-texmfdist/tex/lat
ex/l3packages/l3keys2e/l3keys2e.sty
Package: l3keys2e 2024-08-16 LaTeX2e option processing using LaTeX3 keys
)
(/nix/store/0jql6cn8jrks2l11dkisx5rl7nggaybg-texlive-2024-env-texmfdist/tex/lat
ex/l3packages/xparse/xparse.sty
Package: xparse 2024-08-16 L3 Experimental document command parser
)
(/nix/store/0jql6cn8jrks2l11dkisx5rl7nggaybg-texlive-2024-env-texmfdist/tex/lat
ex/fontawesome5/fontawesome5-generic-helper.sty
Package: fontawesome5-generic-helper 2022/05/02 v5.15.4 non-uTeX helper for fon
tawesome5

(/nix/store/0jql6cn8jrks2l11dkisx5rl7nggaybg-texlive-2024-env-texmfdist/tex/lat
ex/fontawesome5/fontawesome5-mapping.def)))
\c@literalblock=\count337

*geometry* driver: auto-detecting
*geometry* detected driver: pdftex
*geometry* verbose mode - [ preamble ] result:
* driver: pdftex
* paper: letterpaper
* layout: <same size as paper>
* layoutoffset:(h,v)=(0.0pt,0.0pt)
* modes: twoside 
* h-part:(L,W,R)=(72.26999pt, 469.75502pt, 72.26999pt)
* v-part:(T,H,B)=(72.26999pt, 650.43001pt, 72.26999pt)
* \paperwidth=614.295pt
* \paperheight=794.96999pt
* \textwidth=469.75502pt
* \textheight=650.43001pt
* \oddsidemargin=0.0pt
* \evensidemargin=0.0pt
* \topmargin=-37.0pt
* \headheight=12.0pt
* \headsep=25.0pt
* \topskip=10.0pt
* \footskip=30.0pt
* \marginparwidth=36.135pt
* \marginparsep=11.0pt
* \columnsep=10.0pt
* \skip\footins=9.0pt plus 4.0pt minus 2.0pt
* \hoffset=0.0pt
* \voffset=0.0pt
* \mag=1000
* \@twocolumnfalse
* \@twosidetrue
* \@mparswitchtrue
* \@reversemarginfalse
* (1in=72.27pt=25.4mm, 1cm=28.453pt)

Package hyperref Info: Link coloring ON on input line 73.
(./ekfsm.out) (./ekfsm.out)
\@outlinefile=\write5
\openout5 = `ekfsm.out'.

Package hyperref Info: Option `pageanchor' set `false' on input line 81.
LaTeX Font Info:    Trying to load font information for T1+qhv on input line 81
.

(/nix/store/0jql6cn8jrks2l11dkisx5rl7nggaybg-texlive-2024-env-texmfdist/tex/lat
ex/tex-gyre/t1qhv.fd
File: t1qhv.fd 2009/09/25 v1.2 font definition file for T1/qhv
)<<ot1.cmap>><<oml.cmap>><<oms.cmap>><<omx.cmap>>
LaTeX Font Info:    Trying to load font information for U+msa on input line 81.


(/nix/store/0jql6cn8jrks2l11dkisx5rl7nggaybg-texlive-2024-env-texmfdist/tex/lat
ex/amsfonts/umsa.fd
File: umsa.fd 2013/01/14 v3.01 AMS symbols A
)
LaTeX Font Info:    Trying to load font information for U+msb on input line 81.


(/nix/store/0jql6cn8jrks2l11dkisx5rl7nggaybg-texlive-2024-env-texmfdist/tex/lat
ex/amsfonts/umsb.fd
File: umsb.fd 2013/01/14 v3.01 AMS symbols B
)

[1

{/nix/store/grprq9jwq5rdyk4kr7lzgyhbcx2dxcbc-texlive-2024-env/share/texmf-var/f
onts/map/pdftex/updmap/pdftex.map}{/nix/store/0jql6cn8jrks2l11dkisx5rl7nggaybg-
texlive-2024-env-texmfdist/fonts/enc/dvips/tex-gyre/q-ec.enc}]

[2


] (./ekfsm.toc)
\tf@toc=\write6
\openout6 = `ekfsm.toc'.



[1

]

[2

]
Chapter 1.
LaTeX Font Info:    Trying to load font information for TS1+qtm on input line 1
03.

(/nix/store/0jql6cn8jrks2l11dkisx5rl7nggaybg-texlive-2024-env-texmfdist/tex/lat
ex/tex-gyre/ts1qtm.fd
File: ts1qtm.fd 2009/09/25 v1.2 font definition file for TS1/qtm
)
LaTeX Font Info:    Trying to load font information for T1+txtt on input line 1
46.

(/nix/store/0jql6cn8jrks2l11dkisx5rl7nggaybg-texlive-2024-env-texmfdist/tex/lat
ex/txfonts/t1txtt.fd
File: t1txtt.fd 2000/12/15 v3.1
)
LaTeX Font Info:    Font shape `T1/txtt/m/it' in size <10> not available
(Font)              Font shape `T1/txtt/m/sl' tried instead on input line 146.


[1

{/nix/store/0jql6cn8jrks2l11dkisx5rl7nggaybg-texlive-2024-env-texmfdist/fonts/e
nc/dvips/tex-gyre/q-ts1.enc}]
<ekfsm_system.drawio.png, id=417, 234.1247pt x 121.20282pt>
File: ekfsm_system.drawio.png Graphic file (type png)
<use ekfsm_system.drawio.png>
Package pdftex.def Info: ekfsm_system.drawio.png  used on input line 165.
(pdftex.def)             Requested size: 234.12411pt x 121.20251pt.
<devices.drawio.png, id=420, 359.84438pt x 207.77625pt>
File: devices.drawio.png Graphic file (type png)
<use devices.drawio.png>
Package pdftex.def Info: devices.drawio.png  used on input line 171.
(pdftex.def)             Requested size: 359.84349pt x 207.77573pt.
LaTeX Font Info:    Font shape `T1/txtt/b/n' in size <10> not available
(Font)              Font shape `T1/txtt/bx/n' tried instead on input line 180.


[2 <./ekfsm_system.drawio.png> <./devices.drawio.png>]
LaTeX Font Info:    Trying to load font information for U+fontawesomefree1 on i
nput line 240.

(/nix/store/0jql6cn8jrks2l11dkisx5rl7nggaybg-texlive-2024-env-texmfdist/tex/lat
ex/fontawesome5/ufontawesomefree1.fd)

[3{/nix/store/0jql6cn8jrks2l11dkisx5rl7nggaybg-texlive-2024-env-texmfdist/fonts
/enc/dvips/fontawesome5/fa5free1.enc}]
LaTeX Font Info:    Trying to load font information for TS1+txtt on input line 
290.

(/nix/store/0jql6cn8jrks2l11dkisx5rl7nggaybg-texlive-2024-env-texmfdist/tex/lat
ex/txfonts/ts1txtt.fd
File: ts1txtt.fd 2000/12/15 v3.1
)

[4]
Chapter 2.

Package hyperref Warning: Token not allowed in a PDF string (Unicode):
(hyperref)                removing `\sphinxtitleref' on input line 341.


Package hyperref Warning: Token not allowed in a PDF string (Unicode):
(hyperref)                removing `\sphinxtitleref' on input line 434.


Package hyperref Warning: Token not allowed in a PDF string (Unicode):
(hyperref)                removing `\sphinxtitleref' on input line 503.



[5

]

Package hyperref Warning: Token not allowed in a PDF string (Unicode):
(hyperref)                removing `\sphinxtitleref' on input line 550.


Overfull \hbox (18.77766pt too wide) in paragraph at lines 619--619
[][][]\T1/txtt/m/sl/10 identify_firmware()[][]| 
 []


Overfull \hbox (13.52768pt too wide) in paragraph at lines 619--619
[][][]\T1/txtt/m/sl/10 get_parameterset()[][]| 
 []


Underfull \hbox (badness 10000) in paragraph at lines 619--619
[]\T1/txtt/m/n/10 {"version": "factory", "parameters":
 []


Overfull \hbox (18.77766pt too wide) in paragraph at lines 619--619
[][][]\T1/txtt/m/sl/10 load_parameterset()[][]| 
 []


Underfull \hbox (badness 10000) in paragraph at lines 619--619
[]\T1/txtt/m/n/10 {"version": "1.0.0", "parameters": {
 []


Package hyperref Warning: Token not allowed in a PDF string (Unicode):
(hyperref)                removing `\sphinxtitleref' on input line 624.


Package hyperref Warning: Token not allowed in a PDF string (Unicode):
(hyperref)                removing `\sphinxtitleref' on input line 671.



[6]

Package hyperref Warning: Token not allowed in a PDF string (Unicode):
(hyperref)                removing `\sphinxtitleref' on input line 735.


Overfull \hbox (10.2581pt too wide) in paragraph at lines 764--764
[]\T1/qtm/m/n/10 Method| 
 []


Overfull \hbox (21.14798pt too wide) in paragraph at lines 764--764
[][][]\T1/txtt/m/sl/10 sample()[][]| 
 []


Underfull \hbox (badness 10000) in paragraph at lines 764--764
[]\T1/txtt/m/n/10 accel: [[]0.0047884033203125, []0.0143652099609375, 9.
 []


Underfull \hbox (badness 10000) in paragraph at lines 764--764
\T1/txtt/m/n/10 859322436523437], gyro: [[]0.3662109375, []0.54931640625, 0.
 []


Package hyperref Warning: Token not allowed in a PDF string (Unicode):
(hyperref)                removing `\sphinxtitleref' on input line 769.


Package hyperref Warning: Token not allowed in a PDF string (Unicode):
(hyperref)                removing `\sphinxtitleref' on input line 813.


Package hyperref Warning: Token not allowed in a PDF string (Unicode):
(hyperref)                removing `\sphinxtitleref' on input line 855.


Package hyperref Warning: Token not allowed in a PDF string (Unicode):
(hyperref)                removing `\sphinxtitleref' on input line 937.



[7]

Package hyperref Warning: Token not allowed in a PDF string (Unicode):
(hyperref)                removing `\sphinxtitleref' on input line 982.


Package hyperref Warning: Token not allowed in a PDF string (Unicode):
(hyperref)                removing `\sphinxtitleref' on input line 1064.



[8]

Package hyperref Warning: Token not allowed in a PDF string (Unicode):
(hyperref)                removing `\sphinxtitleref' on input line 1332.


Package hyperref Warning: Token not allowed in a PDF string (Unicode):
(hyperref)                removing `\sphinxtitleref' on input line 1332.


Package hyperref Warning: Token not allowed in a PDF string (Unicode):
(hyperref)                removing `\sphinxtitleref' on input line 1332.



[9]

Package hyperref Warning: Token not allowed in a PDF string (Unicode):
(hyperref)                removing `\sphinxtitleref' on input line 1622.


Package hyperref Warning: Token not allowed in a PDF string (Unicode):
(hyperref)                removing `\sphinxtitleref' on input line 1670.


Package hyperref Warning: Token not allowed in a PDF string (Unicode):
(hyperref)                removing `\sphinxtitleref' on input line 1670.


Package hyperref Warning: Token not allowed in a PDF string (Unicode):
(hyperref)                removing `\sphinxtitleref' on input line 1670.


Package hyperref Warning: Token not allowed in a PDF string (Unicode):
(hyperref)                removing `\sphinxtitleref' on input line 1670.


Package hyperref Warning: Token not allowed in a PDF string (Unicode):
(hyperref)                removing `\sphinxtitleref' on input line 1713.



[10]

Package hyperref Warning: Token not allowed in a PDF string (Unicode):
(hyperref)                removing `\sphinxtitleref' on input line 1780.


Package hyperref Warning: Token not allowed in a PDF string (Unicode):
(hyperref)                removing `\sphinxtitleref' on input line 1814.


Overfull \hbox (1.3713pt too wide) in paragraph at lines 1866--1866
[][][]\T1/txtt/m/sl/10 voltage()[][]| 
 []


Overfull \hbox (1.3713pt too wide) in paragraph at lines 1866--1866
[][][]\T1/txtt/m/sl/10 current()[][]| 
 []


Underfull \hbox (badness 10000) in paragraph at lines 1866--1866
[]\T1/txtt/m/n/10 <PsuStatus.OUTPUT_OVERVOLTAGE\TS1/txtt/m/n/10 ``\T1/txtt/m/n/
10 |\TS1/txtt/m/n/10 ``\T1/txtt/m/n/10 OUTPUT_OVERCURRENT:
 []


Package hyperref Warning: Token not allowed in a PDF string (Unicode):
(hyperref)                removing `\sphinxtitleref' on input line 1871.


Overfull \hbox (1.3713pt too wide) in paragraph at lines 1923--1923
[][][]\T1/txtt/m/sl/10 voltage()[][]| 
 []


Overfull \hbox (1.3713pt too wide) in paragraph at lines 1923--1923
[][][]\T1/txtt/m/sl/10 current()[][]| 
 []


Underfull \hbox (badness 10000) in paragraph at lines 1923--1923
[]\T1/txtt/m/n/10 <PsuStatus.OUTPUT_OVERVOLTAGE\TS1/txtt/m/n/10 ``\T1/txtt/m/n/
10 |\TS1/txtt/m/n/10 ``\T1/txtt/m/n/10 OUTPUT_OVERCURRENT:
 []



[11]

[12

]
Chapter 3.


[13]
LaTeX Font Info:    Font shape `T1/txtt/b/it' in size <10> not available
(Font)              Font shape `T1/txtt/bx/it' tried instead on input line 2168
.
LaTeX Font Info:    Font shape `T1/txtt/bx/it' in size <10> not available
(Font)              Font shape `T1/txtt/bx/sl' tried instead on input line 2168
.


[14]
LaTeX Font Info:    Trying to load font information for U+fontawesomefree2 on i
nput line 2326.

(/nix/store/0jql6cn8jrks2l11dkisx5rl7nggaybg-texlive-2024-env-texmfdist/tex/lat
ex/fontawesome5/ufontawesomefree2.fd)

[15{/nix/store/0jql6cn8jrks2l11dkisx5rl7nggaybg-texlive-2024-env-texmfdist/font
s/enc/dvips/fontawesome5/fa5free2.enc}]
LaTeX Font Info:    Font shape `TS1/txtt/b/n' in size <10> not available
(Font)              Font shape `TS1/txtt/bx/n' tried instead on input line 1.


[16]

[17]

[18]

[19]

[20]

[21]

[22]

[23]

[24]

[25]

[26]

[27]

[28]

[29]

[30]

[31]

[32]

[33]

[34]

[35]

[36]

[37]

[38]

[39]

[40]

[41]

[42]

[43]

[44]

[45]

[46]

[47]

[48]

[49]

[50]

[51]

[52]

[53]

[54]



[55



] (./ekfsm.ind

[56


]
Overfull \hbox (28.6223pt too wide) in paragraph at lines 9--11
[]\T1/txtt/m/n/10 _compute_crc() \T1/qtm/m/n/10 (\T1/qtm/m/it/10 ek-fsm.devices
.eeprom.Validatable_EEPROM
 []


Overfull \hbox (1.49231pt too wide) in paragraph at lines 13--15
[]\T1/txtt/m/n/10 _decode_date() \T1/qtm/m/n/10 (\T1/qtm/m/it/10 ek-fsm.devices
.eeprom.EKF_EEPROM
 []


Overfull \hbox (1.49231pt too wide) in paragraph at lines 15--17
[]\T1/txtt/m/n/10 _encode_date() \T1/qtm/m/n/10 (\T1/qtm/m/it/10 ek-fsm.devices
.eeprom.EKF_EEPROM
 []


Underfull \hbox (badness 10000) in paragraph at lines 17--19
[]\T1/txtt/m/n/10 _generate_next_value_() \T1/qtm/m/n/10 (\T1/qtm/m/it/10 ek-
 []


Underfull \hbox (badness 10000) in paragraph at lines 17--19
\T1/qtm/m/it/10 fsm.devices.pmbus.PsuStatus static method\T1/qtm/m/n/10 ),
 []


Underfull \hbox (badness 10000) in paragraph at lines 19--21
[]\T1/txtt/m/n/10 _get_board_rev() \T1/qtm/m/n/10 (\T1/qtm/m/it/10 ek-
 []


Underfull \hbox (badness 10000) in paragraph at lines 21--23
[]\T1/txtt/m/n/10 _iter_member_() \T1/qtm/m/n/10 (\T1/qtm/m/it/10 ek-fsm.device
s.pmbus.PsuStatus
 []


Overfull \hbox (27.0523pt too wide) in paragraph at lines 23--25
[]\T1/txtt/m/n/10 _update_ccrc() \T1/qtm/m/n/10 (\T1/qtm/m/it/10 ek-fsm.devices
.eeprom.EKF_CCU_EEPROM
 []


Underfull \hbox (badness 10000) in paragraph at lines 25--26
[]\T1/txtt/m/n/10 _update_content() \T1/qtm/m/n/10 (\T1/qtm/m/it/10 ek-fsm.devi
ces.eeprom.EEPROM
 []


Underfull \hbox (badness 10000) in paragraph at lines 26--28
[]\T1/txtt/m/n/10 _update_content() \T1/qtm/m/n/10 (\T1/qtm/m/it/10 ek-
 []


Underfull \hbox (badness 10000) in paragraph at lines 26--28
\T1/qtm/m/it/10 fsm.devices.eeprom.Validatable_EEPROM
 []


Overfull \hbox (23.37231pt too wide) in paragraph at lines 28--30
[]\T1/txtt/m/n/10 _update_crc() \T1/qtm/m/n/10 (\T1/qtm/m/it/10 ek-fsm.devices.
eeprom.Validatable_EEPROM
 []




Overfull \hbox (3.71152pt too wide) in paragraph at lines 100--102
[]\T1/txtt/m/n/10 CCU_HUMIDITY \T1/qtm/m/n/10 (\T1/qtm/m/it/10 ek-fsm.devices.e
kf_ccu_uc.CcuCommands
 []


Underfull \hbox (badness 10000) in paragraph at lines 102--104
[]\T1/txtt/m/n/10 CCU_TEMPERATURE \T1/qtm/m/n/10 (\T1/qtm/m/it/10 ek-
 []


Underfull \hbox (badness 10000) in paragraph at lines 102--104
\T1/qtm/m/it/10 fsm.devices.ekf_ccu_uc.CcuCommands at-
 []



[57

]
Underfull \hbox (badness 10000) in paragraph at lines 109--111
[]\T1/txtt/m/n/10 compute_int_from_bytes() \T1/qtm/m/n/10 (\T1/qtm/m/it/10 in m
od-ule ek-
 []


Overfull \hbox (11.30235pt too wide) in paragraph at lines 121--123
[]\T1/txtt/m/n/10 crevision() \T1/qtm/m/n/10 (\T1/qtm/m/it/10 ek-fsm.devices.ee
prom.EKF_CCU_EEPROM
 []


Overfull \hbox (0.80238pt too wide) in paragraph at lines 123--124
[]\T1/txtt/m/n/10 cserial() \T1/qtm/m/n/10 (\T1/qtm/m/it/10 ek-fsm.devices.eepr
om.EKF_CCU_EEPROM
 []


Underfull \hbox (badness 10000) in paragraph at lines 126--128
[]\T1/txtt/m/n/10 custom_board_data() \T1/qtm/m/n/10 (\T1/qtm/m/it/10 ek-
 []


Underfull \hbox (badness 10000) in paragraph at lines 126--128
\T1/qtm/m/it/10 fsm.devices.eeprom.EKF_EEPROM method\T1/qtm/m/n/10 ),
 []


Underfull \hbox (badness 10000) in paragraph at lines 128--130
[]\T1/txtt/m/n/10 custom_raw_data() \T1/qtm/m/n/10 (\T1/qtm/m/it/10 ek-
 []


Underfull \hbox (badness 10000) in paragraph at lines 128--130
\T1/qtm/m/it/10 fsm.devices.eeprom.EKF_CCU_EEPROM
 []


Underfull \hbox (badness 10000) in paragraph at lines 130--132
[]\T1/txtt/m/n/10 custom_raw_data() \T1/qtm/m/n/10 (\T1/qtm/m/it/10 ek-
 []


Underfull \hbox (badness 10000) in paragraph at lines 130--132
\T1/qtm/m/it/10 fsm.devices.eeprom.EKF_EEPROM method\T1/qtm/m/n/10 ),
 []


Underfull \hbox (badness 10000) in paragraph at lines 132--134
[]\T1/txtt/m/n/10 custom_serial() \T1/qtm/m/n/10 (\T1/qtm/m/it/10 ek-
 []


Underfull \hbox (badness 10000) in paragraph at lines 132--134
\T1/qtm/m/it/10 fsm.devices.eeprom.EKF_EEPROM method\T1/qtm/m/n/10 ),
 []


Underfull \hbox (badness 10000) in paragraph at lines 134--136
[]\T1/txtt/m/n/10 customer_area() \T1/qtm/m/n/10 (\T1/qtm/m/it/10 ek-
 []


Underfull \hbox (badness 10000) in paragraph at lines 134--136
\T1/qtm/m/it/10 fsm.devices.eeprom.EKF_CCU_EEPROM
 []


Overfull \hbox (0.80238pt too wide) in paragraph at lines 136--137
[]\T1/txtt/m/n/10 cvendor() \T1/qtm/m/n/10 (\T1/qtm/m/it/10 ek-fsm.devices.eepr
om.EKF_CCU_EEPROM
 []


Underfull \hbox (badness 10000) in paragraph at lines 141--143
[]\T1/txtt/m/n/10 deserialize_hardware_tree() \T1/qtm/m/n/10 (\T1/qtm/m/it/10 i
n mod-ule ek-
 []




Underfull \hbox (badness 10000) in paragraph at lines 151--153
[]\T1/txtt/m/n/10 EKFIdentificationIOExpander \T1/qtm/m/n/10 (\T1/qtm/m/it/10 c
lass in ek-
 []



[58]
Underfull \hbox (badness 10000) in paragraph at lines 229--231
[]\T1/txtt/m/n/10 FAN_STATUS \T1/qtm/m/n/10 (\T1/qtm/m/it/10 ek-fsm.devices.ekf
_ccu_uc.CcuCommands
 []


Underfull \hbox (badness 10000) in paragraph at lines 231--233
[]\T1/txtt/m/n/10 fan_status() \T1/qtm/m/n/10 (\T1/qtm/m/it/10 ek-fsm.devices.e
kf_ccu_uc.EKFCcuUc
 []


Underfull \hbox (badness 10000) in paragraph at lines 235--237
[]\T1/txtt/m/n/10 find_core_temp_dir() \T1/qtm/m/n/10 (\T1/qtm/m/it/10 in mod-u
le ek-
 []


Underfull \hbox (badness 10000) in paragraph at lines 240--241
[]\T1/txtt/m/n/10 from_string() \T1/qtm/m/n/10 (\T1/qtm/m/it/10 ek-fsm.core.slo
ts.SlotType class
 []


Underfull \hbox (badness 10000) in paragraph at lines 245--246
[]\T1/txtt/m/n/10 get_gpio_major_minor() \T1/qtm/m/n/10 (\T1/qtm/m/it/10 in mod
-ule ek-
 []


Underfull \hbox (badness 10000) in paragraph at lines 248--250
[]\T1/txtt/m/n/10 get_i2c_chip_addr() \T1/qtm/m/n/10 (\T1/qtm/m/it/10 ek-fsm.de
vices.generic.Device
 []


Underfull \hbox (badness 10000) in paragraph at lines 250--252
[]\T1/txtt/m/n/10 get_i2c_sysfs_device() \T1/qtm/m/n/10 (\T1/qtm/m/it/10 ek-
 []




Underfull \hbox (badness 10000) in paragraph at lines 255--257
[]\T1/txtt/m/n/10 get_parameterset() \T1/qtm/m/n/10 (\T1/qtm/m/it/10 ek-
 []


Underfull \hbox (badness 10000) in paragraph at lines 255--257
\T1/qtm/m/it/10 fsm.devices.ekf_ccu_uc.EKFCcuUc method\T1/qtm/m/n/10 ),
 []


Underfull \hbox (badness 10000) in paragraph at lines 257--259
[]\T1/txtt/m/n/10 GET_PARAMETERSET_BEGIN \T1/qtm/m/n/10 (\T1/qtm/m/it/10 ek-
 []


Underfull \hbox (badness 10000) in paragraph at lines 257--259
\T1/qtm/m/it/10 fsm.devices.ekf_ccu_uc.CcuCommands at-
 []


Underfull \hbox (badness 10000) in paragraph at lines 259--261
[]\T1/txtt/m/n/10 GET_PARAMETERSET_FOLLOW \T1/qtm/m/n/10 (\T1/qtm/m/it/10 ek-
 []


Underfull \hbox (badness 10000) in paragraph at lines 259--261
\T1/qtm/m/it/10 fsm.devices.ekf_ccu_uc.CcuCommands at-
 []


Underfull \hbox (badness 10000) in paragraph at lines 271--272
[]\T1/txtt/m/n/10 humidity() \T1/qtm/m/n/10 (\T1/qtm/m/it/10 ek-fsm.devices.ekf
_ccu_uc.EKFCcuUc
 []


Overfull \hbox (58.73235pt too wide) in paragraph at lines 272--274
[]\T1/txtt/m/n/10 humidity() \T1/qtm/m/n/10 (\T1/qtm/m/it/10 ek-fsm.devices.iio
_thermal_humidity.IIOThermalHumidity
 []


Underfull \hbox (badness 10000) in paragraph at lines 280--282
[]\T1/txtt/m/n/10 identify_firmware() \T1/qtm/m/n/10 (\T1/qtm/m/it/10 ek-
 []


Underfull \hbox (badness 10000) in paragraph at lines 280--282
\T1/qtm/m/it/10 fsm.devices.ekf_ccu_uc.EKFCcuUc method\T1/qtm/m/n/10 ),
 []


Underfull \hbox (badness 10000) in paragraph at lines 282--284
[]\T1/txtt/m/n/10 IDENTIFY_FIRMWARE_TITLE \T1/qtm/m/n/10 (\T1/qtm/m/it/10 ek-
 []


Underfull \hbox (badness 10000) in paragraph at lines 282--284
\T1/qtm/m/it/10 fsm.devices.ekf_ccu_uc.CcuCommands at-
 []


Underfull \hbox (badness 10000) in paragraph at lines 284--286
[]\T1/txtt/m/n/10 IDENTIFY_FIRMWARE_VERSION \T1/qtm/m/n/10 (\T1/qtm/m/it/10 ek-

 []


Underfull \hbox (badness 10000) in paragraph at lines 284--286
\T1/qtm/m/it/10 fsm.devices.ekf_ccu_uc.CcuCommands at-
 []


Underfull \hbox (badness 10000) in paragraph at lines 287--289
[]\T1/txtt/m/n/10 IIOThermalHumidity \T1/qtm/m/n/10 (\T1/qtm/m/it/10 class in e
k-
 []


Underfull \hbox (badness 10000) in paragraph at lines 289--290
[]\T1/txtt/m/n/10 import_() \T1/qtm/m/n/10 (\T1/qtm/m/it/10 ek-fsm.core.utils.B
oardDictImporter
 []


Underfull \hbox (badness 10000) in paragraph at lines 290--292
[]\T1/txtt/m/n/10 imu_sample() \T1/qtm/m/n/10 (\T1/qtm/m/it/10 ek-fsm.devices.e
kf_ccu_uc.EKFCcuUc
 []



[59]
Underfull \hbox (badness 5119) in paragraph at lines 300--302
[]\T1/txtt/m/n/10 INPUT_UNDERVOLTAGE \T1/qtm/m/n/10 (\T1/qtm/m/it/10 ek-fsm.dev
ices.pmbus.PsuStatus
 []


Underfull \hbox (badness 10000) in paragraph at lines 302--303
[]\T1/txtt/m/n/10 instance_name \T1/qtm/m/n/10 (\T1/qtm/m/it/10 ek-fsm.core.com
ponents.HwModule
 []


Underfull \hbox (badness 10000) in paragraph at lines 303--305
[]\T1/txtt/m/n/10 INVALID_PIN \T1/qtm/m/n/10 (\T1/qtm/m/it/10 ek-fsm.exceptions
.GPIOError.ErrorType
 []


Underfull \hbox (badness 10000) in paragraph at lines 307--308
[]\T1/txtt/m/n/10 is_master \T1/qtm/m/n/10 (\T1/qtm/m/it/10 ek-fsm.core.compone
nts.HwModule prop-
 []


Underfull \hbox (badness 10000) in paragraph at lines 309--311
[]\T1/txtt/m/n/10 is_sysfs_attr() \T1/qtm/m/n/10 (\T1/qtm/m/it/10 ek-fsm.core.s
ysfs.SysFSAttribute
 []


Underfull \hbox (badness 10000) in paragraph at lines 314--315
[]\T1/txtt/m/n/10 list_sysfs_attributes() \T1/qtm/m/n/10 (\T1/qtm/m/it/10 in mo
d-ule ek-
 []


Underfull \hbox (badness 10000) in paragraph at lines 316--318
[]\T1/txtt/m/n/10 load_firmware() \T1/qtm/m/n/10 (\T1/qtm/m/it/10 ek-
 []


Underfull \hbox (badness 10000) in paragraph at lines 316--318
\T1/qtm/m/it/10 fsm.devices.ekf_ccu_uc.EKFCcuUc method\T1/qtm/m/n/10 ),
 []


Underfull \hbox (badness 10000) in paragraph at lines 318--320
[]\T1/txtt/m/n/10 LOAD_FIRMWARE_CHUNK \T1/qtm/m/n/10 (\T1/qtm/m/it/10 ek-
 []


Underfull \hbox (badness 10000) in paragraph at lines 318--320
\T1/qtm/m/it/10 fsm.devices.ekf_ccu_uc.CcuCommands at-
 []


Underfull \hbox (badness 10000) in paragraph at lines 320--322
[]\T1/txtt/m/n/10 LOAD_PARAMETERSET \T1/qtm/m/n/10 (\T1/qtm/m/it/10 ek-
 []


Underfull \hbox (badness 10000) in paragraph at lines 320--322
\T1/qtm/m/it/10 fsm.devices.ekf_ccu_uc.CcuCommands at-
 []


Underfull \hbox (badness 10000) in paragraph at lines 322--324
[]\T1/txtt/m/n/10 load_parameterset() \T1/qtm/m/n/10 (\T1/qtm/m/it/10 ek-
 []


Underfull \hbox (badness 10000) in paragraph at lines 322--324
\T1/qtm/m/it/10 fsm.devices.ekf_ccu_uc.EKFCcuUc method\T1/qtm/m/n/10 ),
 []


Underfull \hbox (badness 10000) in paragraph at lines 331--333
[]\T1/txtt/m/n/10 manufactured_at() \T1/qtm/m/n/10 (\T1/qtm/m/it/10 ek-
 []


Underfull \hbox (badness 10000) in paragraph at lines 331--333
\T1/qtm/m/it/10 fsm.devices.eeprom.EKF_EEPROM method\T1/qtm/m/n/10 ),
 []


Underfull \hbox (badness 10000) in paragraph at lines 335--336
[]\T1/txtt/m/n/10 model() \T1/qtm/m/n/10 (\T1/qtm/m/it/10 ek-fsm.devices.eeprom
.EKF_EEPROM
 []




Overfull \hbox (7.73149pt too wide) in paragraph at lines 366--368
[]\T1/txtt/m/n/10 NO_MAJOR_MINOR \T1/qtm/m/n/10 (\T1/qtm/m/it/10 ek-fsm.excepti
ons.GPIOError.ErrorType
 []


Underfull \hbox (badness 10000) in paragraph at lines 368--370
[]\T1/txtt/m/n/10 NO_MATCHING_DEVICE \T1/qtm/m/n/10 (\T1/qtm/m/it/10 ek-
 []


Underfull \hbox (badness 10000) in paragraph at lines 368--370
\T1/qtm/m/it/10 fsm.exceptions.GPIOError.ErrorType at-
 []


Underfull \hbox (badness 10000) in paragraph at lines 371--372
[]\T1/txtt/m/n/10 num_lines() \T1/qtm/m/n/10 (\T1/qtm/m/it/10 ek-fsm.devices.gp
io.EKFIdSimGpio
 []


Underfull \hbox (badness 5119) in paragraph at lines 378--380
[]\T1/txtt/m/n/10 OUTPUT_OVERCURRENT \T1/qtm/m/n/10 (\T1/qtm/m/it/10 ek-fsm.dev
ices.pmbus.PsuStatus
 []


Underfull \hbox (badness 5119) in paragraph at lines 380--382
[]\T1/txtt/m/n/10 OUTPUT_OVERVOLTAGE \T1/qtm/m/n/10 (\T1/qtm/m/it/10 ek-fsm.dev
ices.pmbus.PsuStatus
 []


Underfull \hbox (badness 5431) in paragraph at lines 391--392
[]\T1/txtt/m/n/10 probe() \T1/qtm/m/n/10 (\T1/qtm/m/it/10 ek-fsm.core.component
s.HwModule method\T1/qtm/m/n/10 ),
 []


Underfull \hbox (badness 5359) in paragraph at lines 392--393
[]\T1/txtt/m/n/10 probe() \T1/qtm/m/n/10 (\T1/qtm/m/it/10 ek-fsm.core.probe.Pro
beableDevice method\T1/qtm/m/n/10 ),
 []


Underfull \hbox (badness 10000) in paragraph at lines 393--394
[]\T1/txtt/m/n/10 probe() \T1/qtm/m/n/10 (\T1/qtm/m/it/10 ek-fsm.devices.eeprom
.EKF_EEPROM
 []


Overfull \hbox (10.80241pt too wide) in paragraph at lines 394--396
[]\T1/txtt/m/n/10 probe() \T1/qtm/m/n/10 (\T1/qtm/m/it/10 ek-fsm.devices.gpio.E
KFIdentificationIOExpander
 []



[60]
Underfull \hbox (badness 10000) in paragraph at lines 399--401
[]\T1/txtt/m/n/10 PUSH_TEMPERATURE \T1/qtm/m/n/10 (\T1/qtm/m/it/10 ek-
 []


Underfull \hbox (badness 10000) in paragraph at lines 399--401
\T1/qtm/m/it/10 fsm.devices.ekf_ccu_uc.CcuCommands at-
 []


Underfull \hbox (badness 10000) in paragraph at lines 401--403
[]\T1/txtt/m/n/10 push_temperature() \T1/qtm/m/n/10 (\T1/qtm/m/it/10 ek-
 []


Underfull \hbox (badness 10000) in paragraph at lines 401--403
\T1/qtm/m/it/10 fsm.devices.ekf_ccu_uc.EKFCcuUc method\T1/qtm/m/n/10 ),
 []


Underfull \hbox (badness 10000) in paragraph at lines 407--409
[]\T1/txtt/m/n/10 read_attr_bytes() \T1/qtm/m/n/10 (\T1/qtm/m/it/10 ek-fsm.core
.sysfs.SysFSDevice
 []


Underfull \hbox (badness 10000) in paragraph at lines 409--410
[]\T1/txtt/m/n/10 read_attr_utf8() \T1/qtm/m/n/10 (\T1/qtm/m/it/10 ek-fsm.core.
sysfs.SysFSDevice
 []


Underfull \hbox (badness 10000) in paragraph at lines 410--412
[]\T1/txtt/m/n/10 read_board_id_rev() \T1/qtm/m/n/10 (\T1/qtm/m/it/10 ek-
 []


Underfull \hbox (badness 10000) in paragraph at lines 412--413
[]\T1/txtt/m/n/10 read_bytes() \T1/qtm/m/n/10 (\T1/qtm/m/it/10 ek-fsm.core.sysf
s.SysFSAttribute
 []


Underfull \hbox (badness 10000) in paragraph at lines 413--415
[]\T1/txtt/m/n/10 read_id_gpio_inputs() \T1/qtm/m/n/10 (\T1/qtm/m/it/10 ek-
 []


Underfull \hbox (badness 10000) in paragraph at lines 415--417
[]\T1/txtt/m/n/10 read_sysfs_attr_bytes() \T1/qtm/m/n/10 (\T1/qtm/m/it/10 ek-
 []


Underfull \hbox (badness 10000) in paragraph at lines 417--419
[]\T1/txtt/m/n/10 read_sysfs_attr_utf8() \T1/qtm/m/n/10 (\T1/qtm/m/it/10 ek-
 []


Underfull \hbox (badness 10000) in paragraph at lines 424--425
[]\T1/txtt/m/n/10 restart() \T1/qtm/m/n/10 (\T1/qtm/m/it/10 ek-fsm.devices.ekf_
ccu_uc.EKFCcuUc
 []


Overfull \hbox (26.55237pt too wide) in paragraph at lines 426--428
[]\T1/txtt/m/n/10 revision() \T1/qtm/m/n/10 (\T1/qtm/m/it/10 ek-fsm.devices.gpi
o.EKFIdentificationIOExpander
 []


Underfull \hbox (badness 10000) in paragraph at lines 433--434
[]\T1/txtt/m/n/10 serial() \T1/qtm/m/n/10 (\T1/qtm/m/it/10 ek-fsm.devices.eepro
m.EKF_EEPROM
 []


Underfull \hbox (badness 10000) in paragraph at lines 436--438
[]\T1/txtt/m/n/10 set_direction() \T1/qtm/m/n/10 (\T1/qtm/m/it/10 ek-fsm.device
s.gpio.EKFIdSimGpio
 []




Underfull \hbox (badness 10000) in paragraph at lines 439--440
[]\T1/txtt/m/n/10 set_direction() \T1/qtm/m/n/10 (\T1/qtm/m/it/10 ek-fsm.device
s.gpio.SimGpio
 []


Underfull \hbox (badness 10000) in paragraph at lines 451--452
[]\T1/txtt/m/n/10 status0_input() \T1/qtm/m/n/10 (\T1/qtm/m/it/10 ek-fsm.device
s.pmbus.PmBus
 []


Underfull \hbox (badness 10000) in paragraph at lines 452--453
[]\T1/txtt/m/n/10 status1_input() \T1/qtm/m/n/10 (\T1/qtm/m/it/10 ek-fsm.device
s.pmbus.PmBus
 []


Underfull \hbox (badness 5161) in paragraph at lines 455--457
[]\T1/txtt/m/n/10 sw_shutdown() \T1/qtm/m/n/10 (\T1/qtm/m/it/10 ek-fsm.devices.
ekf_ccu_uc.EKFCcuUc
 []


Underfull \hbox (badness 10000) in paragraph at lines 467--468
[]\T1/txtt/m/n/10 TEMP_ANORMALY \T1/qtm/m/n/10 (\T1/qtm/m/it/10 ek-fsm.devices.
pmbus.PsuStatus at-
 []


Underfull \hbox (badness 5161) in paragraph at lines 468--470
[]\T1/txtt/m/n/10 temperature() \T1/qtm/m/n/10 (\T1/qtm/m/it/10 ek-fsm.devices.
ekf_ccu_uc.EKFCcuUc
 []


Overfull \hbox (74.4823pt too wide) in paragraph at lines 470--472
[]\T1/txtt/m/n/10 temperature() \T1/qtm/m/n/10 (\T1/qtm/m/it/10 ek-fsm.devices.
iio_thermal_humidity.IIOThermalHumidity
 []


Underfull \hbox (badness 10000) in paragraph at lines 476--477
[]\T1/txtt/m/n/10 unit() \T1/qtm/m/n/10 (\T1/qtm/m/it/10 ek-fsm.devices.eeprom.
EKF_CCU_EEPROM
 []


Underfull \hbox (badness 10000) in paragraph at lines 480--481
[]\T1/txtt/m/n/10 valid \T1/qtm/m/n/10 (\T1/qtm/m/it/10 ek-fsm.devices.eeprom.E
KF_CCU_EEPROM
 []


Underfull \hbox (badness 10000) in paragraph at lines 481--483
[]\T1/txtt/m/n/10 valid \T1/qtm/m/n/10 (\T1/qtm/m/it/10 ek-fsm.devices.eeprom.V
alidatable_EEPROM
 []


Underfull \hbox (badness 10000) in paragraph at lines 485--486
[]\T1/txtt/m/n/10 vendor() \T1/qtm/m/n/10 (\T1/qtm/m/it/10 ek-fsm.devices.eepro
m.EKF_EEPROM
 []



[61]
Overfull \hbox (0.80238pt too wide) in paragraph at lines 487--488
[]\T1/txtt/m/n/10 version() \T1/qtm/m/n/10 (\T1/qtm/m/it/10 ek-fsm.devices.eepr
om.EKF_CCU_EEPROM
 []


Underfull \hbox (badness 5161) in paragraph at lines 490--492
[]\T1/txtt/m/n/10 vin_voltage() \T1/qtm/m/n/10 (\T1/qtm/m/it/10 ek-fsm.devices.
ekf_ccu_uc.EKFCcuUc
 []


Underfull \hbox (badness 10000) in paragraph at lines 495--497
[]\T1/txtt/m/n/10 WD_TRIGGER \T1/qtm/m/n/10 (\T1/qtm/m/it/10 ek-fsm.devices.ekf
_ccu_uc.CcuCommands
 []


Underfull \hbox (badness 10000) in paragraph at lines 497--499
[]\T1/txtt/m/n/10 wd_trigger() \T1/qtm/m/n/10 (\T1/qtm/m/it/10 ek-fsm.devices.e
kf_ccu_uc.EKFCcuUc
 []


Underfull \hbox (badness 10000) in paragraph at lines 501--502
[]\T1/txtt/m/n/10 write() \T1/qtm/m/n/10 (\T1/qtm/m/it/10 ek-fsm.devices.eeprom
.EKF_CCU_EEPROM
 []


Underfull \hbox (badness 10000) in paragraph at lines 502--504
[]\T1/txtt/m/n/10 write() \T1/qtm/m/n/10 (\T1/qtm/m/it/10 ek-fsm.devices.eeprom
.Validatable_EEPROM
 []


Overfull \hbox (27.0523pt too wide) in paragraph at lines 505--507
[]\T1/txtt/m/n/10 write_cmodel() \T1/qtm/m/n/10 (\T1/qtm/m/it/10 ek-fsm.devices
.eeprom.EKF_CCU_EEPROM
 []


Underfull \hbox (badness 10000) in paragraph at lines 507--509
[]\T1/txtt/m/n/10 write_crevision() \T1/qtm/m/n/10 (\T1/qtm/m/it/10 ek-
 []


Underfull \hbox (badness 10000) in paragraph at lines 507--509
\T1/qtm/m/it/10 fsm.devices.eeprom.EKF_CCU_EEPROM
 []


Underfull \hbox (badness 10000) in paragraph at lines 509--511
[]\T1/txtt/m/n/10 write_cserial() \T1/qtm/m/n/10 (\T1/qtm/m/it/10 ek-
 []


Underfull \hbox (badness 10000) in paragraph at lines 509--511
\T1/qtm/m/it/10 fsm.devices.eeprom.EKF_CCU_EEPROM
 []


Underfull \hbox (badness 10000) in paragraph at lines 511--513
[]\T1/txtt/m/n/10 write_custom_board_data() \T1/qtm/m/n/10 (\T1/qtm/m/it/10 ek-

 []


Underfull \hbox (badness 10000) in paragraph at lines 511--513
\T1/qtm/m/it/10 fsm.devices.eeprom.EKF_EEPROM method\T1/qtm/m/n/10 ),
 []


Underfull \hbox (badness 10000) in paragraph at lines 513--515
[]\T1/txtt/m/n/10 write_custom_raw_data() \T1/qtm/m/n/10 (\T1/qtm/m/it/10 ek-
 []


Underfull \hbox (badness 10000) in paragraph at lines 513--515
\T1/qtm/m/it/10 fsm.devices.eeprom.EKF_CCU_EEPROM
 []


Underfull \hbox (badness 10000) in paragraph at lines 515--517
[]\T1/txtt/m/n/10 write_custom_raw_data() \T1/qtm/m/n/10 (\T1/qtm/m/it/10 ek-
 []


Underfull \hbox (badness 10000) in paragraph at lines 515--517
\T1/qtm/m/it/10 fsm.devices.eeprom.EKF_EEPROM method\T1/qtm/m/n/10 ),
 []


Underfull \hbox (badness 10000) in paragraph at lines 517--519
[]\T1/txtt/m/n/10 write_custom_serial() \T1/qtm/m/n/10 (\T1/qtm/m/it/10 ek-
 []


Underfull \hbox (badness 10000) in paragraph at lines 517--519
\T1/qtm/m/it/10 fsm.devices.eeprom.EKF_EEPROM method\T1/qtm/m/n/10 ),
 []


Underfull \hbox (badness 10000) in paragraph at lines 519--521
[]\T1/txtt/m/n/10 write_customer_area() \T1/qtm/m/n/10 (\T1/qtm/m/it/10 ek-
 []


Underfull \hbox (badness 10000) in paragraph at lines 519--521
\T1/qtm/m/it/10 fsm.devices.eeprom.EKF_CCU_EEPROM
 []


Underfull \hbox (badness 10000) in paragraph at lines 521--523
[]\T1/txtt/m/n/10 write_cvendor() \T1/qtm/m/n/10 (\T1/qtm/m/it/10 ek-
 []


Underfull \hbox (badness 10000) in paragraph at lines 521--523
\T1/qtm/m/it/10 fsm.devices.eeprom.EKF_CCU_EEPROM
 []


Underfull \hbox (badness 10000) in paragraph at lines 523--525
[]\T1/txtt/m/n/10 write_repaired_at() \T1/qtm/m/n/10 (\T1/qtm/m/it/10 ek-
 []


Underfull \hbox (badness 10000) in paragraph at lines 523--525
\T1/qtm/m/it/10 fsm.devices.eeprom.EKF_EEPROM method\T1/qtm/m/n/10 ),
 []


Overfull \hbox (1.49231pt too wide) in paragraph at lines 525--527
[]\T1/txtt/m/n/10 write_serial() \T1/qtm/m/n/10 (\T1/qtm/m/it/10 ek-fsm.devices
.eeprom.EKF_EEPROM
 []


Underfull \hbox (badness 10000) in paragraph at lines 527--529
[]\T1/txtt/m/n/10 write_sysfs_attr() \T1/qtm/m/n/10 (\T1/qtm/m/it/10 ek-fsm.dev
ices.generic.Device
 []




Overfull \hbox (16.55234pt too wide) in paragraph at lines 529--531
[]\T1/txtt/m/n/10 write_unit() \T1/qtm/m/n/10 (\T1/qtm/m/it/10 ek-fsm.devices.e
eprom.EKF_CCU_EEPROM
 []


Underfull \hbox (badness 10000) in paragraph at lines 531--533
[]\T1/txtt/m/n/10 write_version() \T1/qtm/m/n/10 (\T1/qtm/m/it/10 ek-
 []


Underfull \hbox (badness 10000) in paragraph at lines 531--533
\T1/qtm/m/it/10 fsm.devices.eeprom.EKF_CCU_EEPROM
 []



[62]) (./ekfsm.aux)
 ***********
LaTeX2e <2024-06-01> patch level 2
L3 programming layer <2024-10-09>
 ***********
Package rerunfilecheck Info: File `ekfsm.out' has not changed.
(rerunfilecheck)             Checksum: BD048AA681D8763ACBC0DBA25CD4A71C;14004.
 ) 
Here is how much of TeX's memory you used:
 20998 strings out of 473579
 394271 string characters out of 5705100
 818396 words of memory out of 5000000
 43056 multiletter control sequences out of 15000+600000
 620511 words of font info for 87 fonts, out of 8000000 for 9000
 1142 hyphenation exceptions out of 8191
 72i,12n,83p,1194b,858s stack positions out of 10000i,1000n,20000p,200000b,200000s
</nix/store/0jql6cn8jrks2l11dkisx5rl7nggaybg-texlive-2024-env-texmfdist/fonts
/type1/public/fontawesome5/FontAwesome5Free-Solid.pfb></nix/store/0jql6cn8jrks2
l11dkisx5rl7nggaybg-texlive-2024-env-texmfdist/fonts/type1/public/amsfonts/cm/c
mmi5.pfb></nix/store/0jql6cn8jrks2l11dkisx5rl7nggaybg-texlive-2024-env-texmfdis
t/fonts/type1/public/amsfonts/cm/cmsy5.pfb></nix/store/0jql6cn8jrks2l11dkisx5rl
7nggaybg-texlive-2024-env-texmfdist/fonts/type1/public/tex-gyre/qhvb.pfb></nix/
store/0jql6cn8jrks2l11dkisx5rl7nggaybg-texlive-2024-env-texmfdist/fonts/type1/p
ublic/tex-gyre/qhvbi.pfb></nix/store/0jql6cn8jrks2l11dkisx5rl7nggaybg-texlive-2
024-env-texmfdist/fonts/type1/public/tex-gyre/qhvr.pfb></nix/store/0jql6cn8jrks
2l11dkisx5rl7nggaybg-texlive-2024-env-texmfdist/fonts/type1/public/tex-gyre/qtm
b.pfb></nix/store/0jql6cn8jrks2l11dkisx5rl7nggaybg-texlive-2024-env-texmfdist/f
onts/type1/public/tex-gyre/qtmbi.pfb></nix/store/0jql6cn8jrks2l11dkisx5rl7nggay
bg-texlive-2024-env-texmfdist/fonts/type1/public/tex-gyre/qtmr.pfb></nix/store/
0jql6cn8jrks2l11dkisx5rl7nggaybg-texlive-2024-env-texmfdist/fonts/type1/public/
tex-gyre/qtmri.pfb></nix/store/0jql6cn8jrks2l11dkisx5rl7nggaybg-texlive-2024-en
v-texmfdist/fonts/type1/public/txfonts/t1xbtt.pfb></nix/store/0jql6cn8jrks2l11d
kisx5rl7nggaybg-texlive-2024-env-texmfdist/fonts/type1/public/txfonts/t1xbtt.pf
b></nix/store/0jql6cn8jrks2l11dkisx5rl7nggaybg-texlive-2024-env-texmfdist/fonts
/type1/public/txfonts/t1xtt.pfb></nix/store/0jql6cn8jrks2l11dkisx5rl7nggaybg-te
xlive-2024-env-texmfdist/fonts/type1/public/txfonts/t1xtt.pfb></nix/store/0jql6
cn8jrks2l11dkisx5rl7nggaybg-texlive-2024-env-texmfdist/fonts/type1/public/txfon
ts/tcxbtt.pfb></nix/store/0jql6cn8jrks2l11dkisx5rl7nggaybg-texlive-2024-env-tex
mfdist/fonts/type1/public/txfonts/tcxtt.pfb>
Output written on ekfsm.pdf (66 pages, 454382 bytes).
PDF statistics:
 2096 PDF objects out of 2487 (max. 8388607)
 1897 compressed objects within 19 object streams
 416 named destinations out of 1000 (max. 500000)
 719 words of extra memory for PDF output out of 10000 (max. 10000000)

