\BOOKMARK [0][-]{chapter.1}{\376\377\000I\000n\000t\000r\000o\000d\000u\000c\000t\000i\000o\000n}{}% 1
\BOOKMARK [1][-]{section.1.1}{\376\377\000W\000h\000a\000t\000\040\000i\000s\000\040\000e\000k\000f\000s\000m\000?}{chapter.1}% 2
\BOOKMARK [1][-]{section.1.2}{\376\377\000F\000e\000a\000t\000u\000r\000e\000s}{chapter.1}% 3
\BOOKMARK [1][-]{section.1.3}{\376\377\000C\000o\000r\000e\000\040\000C\000o\000n\000c\000e\000p\000t\000s}{chapter.1}% 4
\BOOKMARK [2][-]{subsection.1.3.1}{\376\377\000P\000a\000s\000s\000i\000v\000e}{section.1.3}% 5
\BOOKMARK [2][-]{subsection.1.3.2}{\376\377\000S\000y\000s\000t\000e\000m\000\040\000C\000o\000n\000f\000i\000g\000u\000r\000a\000t\000i\000o\000n}{section.1.3}% 6
\BOOKMARK [2][-]{subsection.1.3.3}{\376\377\000R\000e\000l\000a\000t\000i\000o\000n\000\040\000b\000e\000t\000w\000e\000e\000n\000\040\000o\000b\000j\000e\000c\000t\000s}{section.1.3}% 7
\BOOKMARK [2][-]{subsection.1.3.4}{\376\377\000A\000c\000c\000e\000s\000s\000i\000n\000g\000\040\000D\000e\000v\000i\000c\000e\000\040\000f\000u\000n\000c\000t\000i\000o\000n\000s}{section.1.3}% 8
\BOOKMARK [2][-]{subsection.1.3.5}{\376\377\000Q\000u\000e\000r\000y\000i\000n\000g\000\040\000s\000l\000o\000t\000s}{section.1.3}% 9
\BOOKMARK [1][-]{section.1.4}{\376\377\000U\000s\000a\000g\000e}{chapter.1}% 10
\BOOKMARK [2][-]{subsection.1.4.1}{\376\377\000S\000y\000s\000t\000e\000m\000\040\000P\000r\000e\000p\000a\000r\000a\000t\000i\000o\000n}{section.1.4}% 11
\BOOKMARK [2][-]{subsection.1.4.2}{\376\377\000R\000o\000o\000t\000\040\000P\000r\000i\000v\000i\000l\000e\000g\000e\000s}{section.1.4}% 12
\BOOKMARK [2][-]{subsection.1.4.3}{\376\377\000L\000o\000g\000g\000i\000n\000g}{section.1.4}% 13
\BOOKMARK [2][-]{subsection.1.4.4}{\376\377\000U\000s\000a\000g\000e\000\040\000f\000r\000o\000m\000\040\000m\000u\000l\000t\000i\000p\000l\000e\000\040\000p\000r\000o\000c\000e\000s\000s\000e\000s}{section.1.4}% 14
\BOOKMARK [2][-]{subsection.1.4.5}{\376\377\000U\000s\000a\000g\000e\000\040\000f\000r\000o\000m\000\040\000w\000i\000t\000h\000i\000n\000\040\000a\000\040\000c\000o\000n\000t\000a\000i\000n\000e\000r}{section.1.4}% 15
\BOOKMARK [0][-]{chapter.2}{\376\377\000S\000u\000p\000p\000o\000r\000t\000e\000d\000\040\000B\000o\000a\000r\000d\000s}{}% 16
\BOOKMARK [1][-]{section.2.1}{\376\377\000E\000K\000F\000\040\000C\000C\000U}{chapter.2}% 17
\BOOKMARK [2][-]{subsection.2.1.1}{\376\377\000C\000h\000a\000s\000s\000i\000s\000\040\000I\000n\000v\000e\000n\000t\000o\000r\000y\000\040\000\050\000O\000b\000j\000e\000c\000t\000:\000\040\000c\000h\000a\000s\000s\000i\000s\000\137\000i\000n\000v\000e\000n\000t\000o\000r\000y\000\051}{section.2.1}% 18
\BOOKMARK [2][-]{subsection.2.1.2}{\376\377\000I\000n\000v\000e\000n\000t\000o\000r\000y\000\040\000o\000f\000\040\000t\000h\000e\000\040\000C\000C\000U\000\040\000b\000o\000a\000r\000d\000\040\000\050\000O\000b\000j\000e\000c\000t\000:\000\040\000i\000n\000v\000e\000n\000t\000o\000r\000y\000\051}{section.2.1}% 19
\BOOKMARK [2][-]{subsection.2.1.3}{\376\377\000C\000C\000U\000\040\000E\000E\000P\000R\000O\000M\000\040\000C\000u\000s\000t\000o\000m\000e\000r\000\040\000a\000r\000e\000a\000\040\000\050\000O\000b\000j\000e\000c\000t\000:\000\040\000c\000u\000s\000t\000o\000m\000\137\000e\000e\000p\000r\000o\000m\000\051}{section.2.1}% 20
\BOOKMARK [2][-]{subsection.2.1.4}{\376\377\000C\000C\000U\000\040\000M\000a\000n\000a\000g\000e\000m\000e\000n\000t\000\040\000\050\000O\000b\000j\000e\000c\000t\000:\000\040\000m\000a\000n\000a\000g\000e\000m\000e\000n\000t\000\051}{section.2.1}% 21
\BOOKMARK [2][-]{subsection.2.1.5}{\376\377\000S\000y\000s\000t\000e\000m\000\040\000S\000t\000a\000t\000e\000\040\000C\000o\000n\000t\000r\000o\000l\000l\000e\000r\000\040\000\050\000O\000b\000j\000e\000c\000t\000:\000\040\000s\000y\000s\000s\000t\000a\000t\000e\000\051}{section.2.1}% 22
\BOOKMARK [2][-]{subsection.2.1.6}{\376\377\000F\000a\000n\000\040\000C\000o\000n\000t\000r\000o\000l\000l\000e\000r\000\040\000\050\000O\000b\000j\000e\000c\000t\000:\000\040\000f\000a\000n\000\051}{section.2.1}% 23
\BOOKMARK [3][-]{subsubsection*.3}{\376\377\000E\000x\000a\000m\000p\000l\000e}{subsection.2.1.6}% 24
\BOOKMARK [2][-]{subsection.2.1.7}{\376\377\000I\000n\000e\000r\000t\000i\000a\000l\000\040\000M\000e\000a\000s\000u\000r\000e\000m\000e\000n\000t\000\040\000U\000n\000i\000t\000\040\000\050\000O\000b\000j\000e\000c\000t\000:\000\040\000i\000m\000u\000\051}{section.2.1}% 25
\BOOKMARK [2][-]{subsection.2.1.8}{\376\377\000T\000h\000e\000r\000m\000a\000l\000\040\000a\000n\000d\000\040\000H\000u\000m\000i\000d\000i\000t\000y\000\040\000S\000e\000n\000s\000o\000r\000\040\000\050\000O\000b\000j\000e\000c\000t\000:\000\040\000t\000h\000\051}{section.2.1}% 26
\BOOKMARK [2][-]{subsection.2.1.9}{\376\377\000S\000y\000s\000t\000e\000m\000\040\000I\000n\000p\000u\000t\000\040\000V\000o\000l\000t\000a\000g\000e\000\040\000\050\000O\000b\000j\000e\000c\000t\000:\000\040\000v\000i\000n\000\051}{section.2.1}% 27
\BOOKMARK [1][-]{section.2.2}{\376\377\000E\000K\000F\000\040\000S\000C\0005\000-\000F\000E\000S\000T\000I\000V\000A\000L}{chapter.2}% 28
\BOOKMARK [2][-]{subsection.2.2.1}{\376\377\000I\000n\000v\000e\000n\000t\000o\000r\000y\000\040\000\050\000O\000b\000j\000e\000c\000t\000:\000\040\000i\000n\000v\000e\000n\000t\000o\000r\000y\000\051}{section.2.2}% 29
\BOOKMARK [2][-]{subsection.2.2.2}{\376\377\000C\000P\000U\000\040\000T\000e\000m\000p\000e\000r\000a\000t\000u\000r\000e\000\040\000\050\000O\000b\000j\000e\000c\000t\000:\000\040\000c\000p\000u\000t\000e\000m\000p\000\051}{section.2.2}% 30
\BOOKMARK [1][-]{section.2.3}{\376\377\000E\000K\000F\000\040\000S\000C\0009\000-\000T\000O\000C\000C\000A\000T\000A}{chapter.2}% 31
\BOOKMARK [2][-]{subsection.2.3.1}{\376\377\000I\000n\000v\000e\000n\000t\000o\000r\000y\000\040\000\050\000O\000b\000j\000e\000c\000t\000:\000\040\000i\000n\000v\000e\000n\000t\000o\000r\000y\000\051}{section.2.3}% 32
\BOOKMARK [2][-]{subsection.2.3.2}{\376\377\000C\000P\000U\000\040\000T\000e\000m\000p\000e\000r\000a\000t\000u\000r\000e\000\040\000\050\000O\000b\000j\000e\000c\000t\000:\000\040\000c\000p\000u\000t\000e\000m\000p\000\051}{section.2.3}% 33
\BOOKMARK [1][-]{section.2.4}{\376\377\000E\000K\000F\000\040\000S\000E\0005\000-\000C\000L\000U\000B}{chapter.2}% 34
\BOOKMARK [2][-]{subsection.2.4.1}{\376\377\000I\000n\000v\000e\000n\000t\000o\000r\000y}{section.2.4}% 35
\BOOKMARK [1][-]{section.2.5}{\376\377\000E\000K\000F\000\040\000S\000N\0004\000-\000D\000J\000E\000M\000B\000E}{chapter.2}% 36
\BOOKMARK [2][-]{subsection.2.5.1}{\376\377\000I\000n\000v\000e\000n\000t\000o\000r\000y}{section.2.5}% 37
\BOOKMARK [1][-]{section.2.6}{\376\377\000E\000K\000F\000\040\000S\000P\000V\000-\000M\000Y\000S\000T\000I\000C}{chapter.2}% 38
\BOOKMARK [2][-]{subsection.2.6.1}{\376\377\000I\000n\000v\000e\000n\000t\000o\000r\000y}{section.2.6}% 39
\BOOKMARK [2][-]{subsection.2.6.2}{\376\377\000G\000P\000I\000O\000s\000\040\000\050\000O\000b\000j\000e\000c\000t\000s\000:\000\040\000g\000p\000i\000o\0000\000,\000\040\000g\000p\000i\000o\0001\000,\000\040\000g\000p\000i\000o\0002\000\051}{section.2.6}% 40
\BOOKMARK [1][-]{section.2.7}{\376\377\000E\000K\000F\000\040\000S\000Q\0001\000-\000T\000R\000A\000C\000K}{chapter.2}% 41
\BOOKMARK [2][-]{subsection.2.7.1}{\376\377\000I\000n\000v\000e\000n\000t\000o\000r\000y}{section.2.7}% 42
\BOOKMARK [1][-]{section.2.8}{\376\377\000E\000K\000F\000\040\000S\000Q\0003\000-\000Q\000U\000A\000R\000T\000E\000T}{chapter.2}% 43
\BOOKMARK [2][-]{subsection.2.8.1}{\376\377\000I\000n\000v\000e\000n\000t\000o\000r\000y}{section.2.8}% 44
\BOOKMARK [1][-]{section.2.9}{\376\377\000E\000K\000F\000\040\000S\000U\000R\000-\000U\000A\000R\000T}{chapter.2}% 45
\BOOKMARK [2][-]{subsection.2.9.1}{\376\377\000I\000n\000v\000e\000n\000t\000o\000r\000y}{section.2.9}% 46
\BOOKMARK [2][-]{subsection.2.9.2}{\376\377\000T\000h\000e\000r\000m\000a\000l\000\040\000a\000n\000d\000\040\000H\000u\000m\000i\000d\000i\000t\000y\000\040\000S\000e\000n\000s\000o\000r\000\040\000\050\000O\000b\000j\000e\000c\000t\000:\000\040\000t\000h\000\051}{section.2.9}% 47
\BOOKMARK [2][-]{subsection.2.9.3}{\376\377\000F\000r\000o\000n\000t\000\040\000P\000a\000n\000e\000l\000\040\000L\000E\000D\000s\000\040\000\050\000O\000b\000j\000e\000c\000t\000:\000\040\000l\000e\000d\000\137\000a\000,\000\040\000l\000e\000d\000\137\000b\000,\000\040\000l\000e\000d\000\137\000c\000,\000\040\000l\000e\000d\000\137\000d\000\051}{section.2.9}% 48
\BOOKMARK [1][-]{section.2.10}{\376\377\000H\000I\000T\000R\000O\000N\000\040\000H\000D\000R\000C\000-\0003\0000\0000\000S}{chapter.2}% 49
\BOOKMARK [2][-]{subsection.2.10.1}{\376\377\000I\000n\000v\000e\000n\000t\000o\000r\000y\000\040\000\050\000O\000b\000j\000e\000c\000t\000:\000\040\000i\000n\000v\000e\000n\000t\000o\000r\000y\000\051}{section.2.10}% 50
\BOOKMARK [2][-]{subsection.2.10.2}{\376\377\000D\000e\000v\000i\000c\000e\000\040\000T\000e\000m\000p\000e\000r\000a\000t\000u\000r\000e\000\040\000\050\000O\000b\000j\000e\000c\000t\000:\000\040\000t\000h\000\051}{section.2.10}% 51
\BOOKMARK [2][-]{subsection.2.10.3}{\376\377\000M\000a\000i\000n\000\040\000O\000u\000t\000p\000u\000t\000\040\000\050\000O\000b\000j\000e\000c\000t\000:\000\040\000m\000a\000i\000n\000\051}{section.2.10}% 52
\BOOKMARK [2][-]{subsection.2.10.4}{\376\377\000S\000t\000a\000n\000d\000b\000y\000\040\000O\000u\000t\000p\000u\000t\000\040\000\050\000O\000b\000j\000e\000c\000t\000:\000\040\000s\000b\000y\000\051}{section.2.10}% 53
\BOOKMARK [1][-]{section.2.11}{\376\377\000A\000c\000c\000e\000s\000s\000i\000n\000g\000\040\000B\000o\000a\000r\000d\000s}{chapter.2}% 54
\BOOKMARK [2][-]{subsection.2.11.1}{\376\377\000E\000x\000a\000m\000p\000l\000e}{section.2.11}% 55
\BOOKMARK [0][-]{chapter.3}{\376\377\000R\000e\000f\000e\000r\000e\000n\000c\000e}{}% 56
\BOOKMARK [1][-]{section.3.1}{\376\377\000e\000k\000f\000s\000m\000\040\000p\000a\000c\000k\000a\000g\000e}{chapter.3}% 57
\BOOKMARK [2][-]{subsection.3.1.1}{\376\377\000A\000c\000c\000e\000s\000s\000i\000n\000g\000\040\000b\000o\000a\000r\000d\000s}{section.3.1}% 58
\BOOKMARK [2][-]{subsection.3.1.2}{\376\377\000E\000x\000c\000e\000p\000t\000i\000o\000n\000s}{section.3.1}% 59
\BOOKMARK [2][-]{subsection.3.1.3}{\376\377\000C\000L\000I}{section.3.1}% 60
\BOOKMARK [3][-]{subsubsection*.31}{\376\377\000e\000k\000f\000s\000m\000-\000c\000l\000i}{subsection.3.1.3}% 61
\BOOKMARK [4][-]{paragraph*.40}{\376\377\000s\000h\000o\000w}{subsubsection*.31}% 62
\BOOKMARK [4][-]{paragraph*.41}{\376\377\000w\000r\000i\000t\000e}{subsubsection*.31}% 63
\BOOKMARK [2][-]{subsection.3.1.4}{\376\377\000L\000o\000c\000k\000i\000n\000g}{section.3.1}% 64
\BOOKMARK [2][-]{subsection.3.1.5}{\376\377\000U\000t\000i\000l\000s}{section.3.1}% 65
\BOOKMARK [1][-]{section.3.2}{\376\377\000e\000k\000f\000s\000m\000.\000d\000e\000v\000i\000c\000e\000s\000\040\000p\000a\000c\000k\000a\000g\000e}{chapter.3}% 66
\BOOKMARK [2][-]{subsection.3.2.1}{\376\377\000I\0002\000C\000\040\000D\000e\000v\000i\000c\000e\000s\000\040\000u\000s\000i\000n\000g\000\040\000S\000y\000s\000F\000s}{section.3.2}% 67
\BOOKMARK [3][-]{subsubsection*.63}{\376\377\000E\000E\000P\000R\000O\000M}{subsection.3.2.1}% 68
\BOOKMARK [4][-]{paragraph*.64}{\376\377\000R\000o\000u\000t\000i\000n\000e\000\040\000L\000i\000s\000t\000i\000n\000g\000s}{subsubsection*.63}% 69
\BOOKMARK [4][-]{paragraph*.92}{\376\377\000S\000t\000r\000u\000c\000t\000u\000r\000e}{subsubsection*.63}% 70
\BOOKMARK [3][-]{subsubsection*.117}{\376\377\000G\000P\000I\000O}{subsection.3.2.1}% 71
\BOOKMARK [3][-]{subsubsection*.144}{\376\377\000E\000K\000F\000\040\000S\000U\000R\000\040\000L\000E\000D}{subsection.3.2.1}% 72
\BOOKMARK [3][-]{subsubsection*.147}{\376\377\000P\000M\000B\000U\000S}{subsection.3.2.1}% 73
\BOOKMARK [3][-]{subsubsection*.172}{\376\377\000I\000I\000O\000\040\000T\000h\000e\000r\000m\000a\000l\000\040\000a\000n\000d\000\040\000H\000u\000m\000i\000d\000i\000t\000y\000\040\000S\000e\000n\000s\000o\000r}{subsection.3.2.1}% 74
\BOOKMARK [3][-]{subsubsection*.176}{\376\377\000I\0002\000C\000\040\000M\000U\000X}{subsection.3.2.1}% 75
\BOOKMARK [2][-]{subsection.3.2.2}{\376\377\000I\0002\000C\000\040\000D\000e\000v\000i\000c\000e\000s\000\040\000u\000s\000i\000n\000g\000\040\000S\000M\000B\000u\000s\000\040\000d\000i\000r\000e\000c\000t\000l\000y}{section.3.2}% 76
\BOOKMARK [3][-]{subsubsection*.179}{\376\377\000E\000K\000F\000\040\000C\000C\000U\000\040\000M\000i\000c\000r\000o\000c\000o\000n\000t\000r\000o\000l\000l\000e\000r}{subsection.3.2.2}% 77
\BOOKMARK [2][-]{subsection.3.2.3}{\376\377\000D\000e\000v\000i\000c\000e\000s\000\040\000u\000s\000i\000n\000g\000\040\000S\000y\000s\000F\000s}{section.3.2}% 78
\BOOKMARK [3][-]{subsubsection*.211}{\376\377\000C\000o\000r\000e\000T\000e\000m\000p}{subsection.3.2.3}% 79
\BOOKMARK [3][-]{subsubsection*.215}{\376\377\000S\000M\000B\000I\000O\000S}{subsection.3.2.3}% 80
\BOOKMARK [2][-]{subsection.3.2.4}{\376\377\000B\000a\000s\000e\000\040\000C\000l\000a\000s\000s\000e\000s\000\040\000a\000n\000d\000\040\000U\000t\000i\000l\000i\000t\000i\000e\000s}{section.3.2}% 81
\BOOKMARK [1][-]{section.3.3}{\376\377\000e\000k\000f\000s\000m\000.\000c\000o\000r\000e\000\040\000p\000a\000c\000k\000a\000g\000e}{chapter.3}% 82
\BOOKMARK [1][-]{section.3.4}{\376\377\000S\000y\000s\000t\000e\000m\000\040\000C\000o\000n\000f\000i\000g\000u\000r\000a\000t\000i\000o\000n\000\040\000F\000i\000l\000e}{chapter.3}% 83
\BOOKMARK [2][-]{subsection.3.4.1}{\376\377\000M\000a\000k\000i\000n\000g\000\040\000b\000o\000a\000r\000d\000\040\000o\000b\000j\000e\000c\000t\000s\000\040\000a\000c\000c\000e\000s\000s\000i\000b\000l\000e\000\040\000f\000r\000o\000m\000\040\000t\000h\000e\000\040\000s\000y\000s\000t\000e\000m\000\040\000o\000b\000j\000e\000c\000t}{section.3.4}% 84
\BOOKMARK [0][-]{section*.281}{\376\377\000P\000y\000t\000h\000o\000n\000\040\000M\000o\000d\000u\000l\000e\000\040\000I\000n\000d\000e\000x}{}% 85
\BOOKMARK [0][-]{section*.282}{\376\377\000I\000n\000d\000e\000x}{}% 86
